Log file open, 05/12/21 11:44:23
LogInit: Display: Running engine for game: group1game
LogPlatformFile: Not using cached read wrapper
LogTaskGraph: Started task graph with 5 named threads and 20 total threads with 3 sets of task threads.
LogStats: Stats thread started at 0.159551
LogD3D11RHI: Loaded GFSDK_Aftermath_Lib.x64.dll
LogICUInternationalization: ICU TimeZone Detection - Raw Offset: +0:00, Platform Override: ''
LogPluginManager: Mounting plugin Paper2D
LogPluginManager: Mounting plugin AISupport
LogPluginManager: Mounting plugin LightPropagationVolume
LogPluginManager: Mounting plugin CameraShakePreviewer
LogPluginManager: Mounting plugin ActorLayerUtilities
LogPluginManager: Mounting plugin AnimationSharing
LogPluginManager: Mounting plugin CLionSourceCodeAccess
LogPluginManager: Mounting plugin CodeLiteSourceCodeAccess
LogPluginManager: Mounting plugin GitSourceControl
LogPluginManager: Mounting plugin KDevelopSourceCodeAccess
LogPluginManager: Mounting plugin NullSourceCodeAccess
LogPluginManager: Mounting plugin PerforceSourceControl
LogPluginManager: Mounting plugin PlasticSourceControl
LogPluginManager: Mounting plugin RiderSourceCodeAccess
LogPluginManager: Mounting plugin SubversionSourceControl
LogPluginManager: Mounting plugin UObjectPlugin
LogPluginManager: Mounting plugin VisualStudioCodeSourceCodeAccess
LogPluginManager: Mounting plugin VisualStudioSourceCodeAccess
LogPluginManager: Mounting plugin XCodeSourceCodeAccess
LogPluginManager: Mounting plugin AssetManagerEditor
LogPluginManager: Mounting plugin CryptoKeys
LogPluginManager: Mounting plugin CurveEditorTools
LogPluginManager: Mounting plugin DataValidation
LogPluginManager: Mounting plugin EditorScriptingUtilities
LogPluginManager: Mounting plugin FacialAnimation
LogPluginManager: Mounting plugin GameplayTagsEditor
LogPluginManager: Mounting plugin GeometryMode
LogPluginManager: Mounting plugin MacGraphicsSwitching
LogPluginManager: Mounting plugin MaterialAnalyzer
LogPluginManager: Mounting plugin MobileLauncherProfileWizard
LogPluginManager: Mounting plugin PluginBrowser
LogPluginManager: Mounting plugin SpeedTreeImporter
LogPluginManager: Mounting plugin DatasmithContent
LogPluginManager: Mounting plugin VariantManagerContent
LogPluginManager: Mounting plugin AlembicImporter
LogPluginManager: Mounting plugin AutomationUtils
LogPluginManager: Mounting plugin BackChannel
LogPluginManager: Mounting plugin ChaosCloth
LogPluginManager: Mounting plugin ChaosClothEditor
LogPluginManager: Mounting plugin ChaosEditor
LogPluginManager: Mounting plugin ChaosNiagara
LogPluginManager: Mounting plugin ChaosSolverPlugin
LogPluginManager: Mounting plugin CharacterAI
LogPluginManager: Mounting plugin GeometryCache
LogPluginManager: Mounting plugin GeometryCollectionPlugin
LogPluginManager: Mounting plugin GeometryProcessing
LogPluginManager: Mounting plugin PlanarCut
LogPluginManager: Mounting plugin PlatformCrypto
LogPluginManager: Mounting plugin ProxyLODPlugin
LogPluginManager: Mounting plugin SkeletalReduction
LogPluginManager: Mounting plugin Niagara
LogPluginManager: Mounting plugin MagicLeap
LogPluginManager: Mounting plugin MagicLeapLightEstimation
LogPluginManager: Mounting plugin MagicLeapMedia
LogPluginManager: Mounting plugin MagicLeapPassableWorld
LogPluginManager: Mounting plugin MLSDK
LogPluginManager: Mounting plugin AndroidMedia
LogPluginManager: Mounting plugin AvfMedia
LogPluginManager: Mounting plugin ImgMedia
LogPluginManager: Mounting plugin MediaCompositing
LogPluginManager: Mounting plugin MediaPlayerEditor
LogPluginManager: Mounting plugin WebMMedia
LogPluginManager: Mounting plugin WmfMedia
LogPluginManager: Mounting plugin MeshPainting
LogPluginManager: Mounting plugin TcpMessaging
LogPluginManager: Mounting plugin UdpMessaging
LogPluginManager: Mounting plugin ActorSequence
LogPluginManager: Mounting plugin LevelSequenceEditor
LogPluginManager: Mounting plugin MatineeToLevelSequence
LogPluginManager: Mounting plugin MovieRenderPipeline
LogPluginManager: Mounting plugin TemplateSequence
LogPluginManager: Mounting plugin NetcodeUnitTest
LogPluginManager: Mounting plugin NUTUnrealEngine4
LogPluginManager: Mounting plugin OnlineSubsystemGooglePlay
LogPluginManager: Mounting plugin OnlineSubsystemIOS
LogPluginManager: Mounting plugin OnlineSubsystem
LogPluginManager: Mounting plugin OnlineSubsystemNull
LogPluginManager: Mounting plugin OnlineSubsystemUtils
LogPluginManager: Mounting plugin LauncherChunkInstaller
LogPluginManager: Mounting plugin AndroidDeviceProfileSelector
LogPluginManager: Mounting plugin AndroidMoviePlayer
LogPluginManager: Mounting plugin AndroidPermission
LogPluginManager: Mounting plugin AppleImageUtils
LogPluginManager: Mounting plugin AppleMoviePlayer
LogPluginManager: Mounting plugin ArchVisCharacter
LogPluginManager: Mounting plugin AssetTags
LogPluginManager: Mounting plugin AudioCapture
LogPluginManager: Mounting plugin CableComponent
LogPluginManager: Mounting plugin CustomMeshComponent
LogPluginManager: Mounting plugin EditableMesh
LogPluginManager: Mounting plugin ExampleDeviceProfileSelector
LogPluginManager: Mounting plugin GoogleCloudMessaging
LogPluginManager: Mounting plugin GooglePAD
LogPluginManager: Mounting plugin IOSDeviceProfileSelector
LogPluginManager: Mounting plugin LinuxDeviceProfileSelector
LogPluginManager: Mounting plugin LocationServicesBPLibrary
LogPluginManager: Mounting plugin MobilePatchingUtils
LogPluginManager: Mounting plugin OculusVR
LogPluginManager: Mounting plugin PhysXVehicles
LogPluginManager: Mounting plugin PostSplashScreen
LogPluginManager: Mounting plugin ProceduralMeshComponent
LogPluginManager: Mounting plugin RuntimePhysXCooking
LogPluginManager: Mounting plugin SignificanceManager
LogPluginManager: Mounting plugin SoundFields
LogPluginManager: Mounting plugin SteamVR
LogPluginManager: Mounting plugin Synthesis
LogPluginManager: Mounting plugin WebMMoviePlayer
LogPluginManager: Mounting plugin WindowsMoviePlayer
LogPluginManager: Mounting plugin ScreenshotTools
LogInit: Using libcurl 7.55.1-DEV
LogInit:  - built for x86_64-pc-win32
LogInit:  - supports SSL with OpenSSL/1.1.1
LogInit:  - supports HTTP deflate (compression) using libz 1.2.8
LogInit:  - other features:
LogInit:      CURL_VERSION_SSL
LogInit:      CURL_VERSION_LIBZ
LogInit:      CURL_VERSION_IPV6
LogInit:      CURL_VERSION_ASYNCHDNS
LogInit:      CURL_VERSION_LARGEFILE
LogInit:      CURL_VERSION_IDN
LogInit:  CurlRequestOptions (configurable via config and command line):
LogInit:  - bVerifyPeer = true  - Libcurl will verify peer certificate
LogInit:  - bUseHttpProxy = true  - Libcurl will use HTTP proxy
LogInit:  - HttpProxyAddress = '192.168.6.186:8080'
LogInit:  - bDontReuseConnections = false  - Libcurl will reuse connections
LogInit:  - MaxHostConnections = 16  - Libcurl will limit the number of connections to a host
LogInit:  - LocalHostAddr = Default
LogInit:  - BufferSize = 65536
LogOnline: OSS: Creating online subsystem instance for: NULL
LogInit: WinSock: version 1.1 (2.2), MaxSocks=32767, MaxUdp=65467
LogOnline: OSS: TryLoadSubsystemAndSetDefault: Loaded subsystem for module [NULL]
LogInit: Build: ++UE4+Release-4.25-CL-13942748
LogInit: Engine Version: 4.25.3-13942748+++UE4+Release-4.25
LogInit: Compatible Engine Version: 4.25.0-13144385+++UE4+Release-4.25
LogInit: Net CL: 13144385
LogInit: OS: Windows 10 (Release 1909) (), CPU: Intel(R) Core(TM) i5-9400F CPU @ 2.90GHz, GPU: NVIDIA GeForce GTX 1660
LogInit: Compiled (64-bit): Jul 25 2020 02:07:48
LogInit: Compiled with Visual C++: 19.24.28315.00
LogInit: Build Configuration: Development
LogInit: Branch Name: ++UE4+Release-4.25
LogInit: Command Line: 
LogInit: Base Directory: C:/Program Files/Epic Games/UE_4.25/Engine/Binaries/Win64/
LogInit: Allocator: TBB
LogInit: Installed Engine Build: 1
LogDevObjectVersion: Number of dev versions registered: 26
LogDevObjectVersion:   Dev-Blueprints (B0D832E4-1F89-4F0D-ACCF-7EB736FD4AA2): 10
LogDevObjectVersion:   Dev-Build (E1C64328-A22C-4D53-A36C-8E866417BD8C): 0
LogDevObjectVersion:   Dev-Core (375EC13C-06E4-48FB-B500-84F0262A717E): 4
LogDevObjectVersion:   Dev-Editor (E4B068ED-F494-42E9-A231-DA0B2E46BB41): 38
LogDevObjectVersion:   Dev-Framework (CFFC743F-43B0-4480-9391-14DF171D2073): 37
LogDevObjectVersion:   Dev-Mobile (B02B49B5-BB20-44E9-A304-32B752E40360): 2
LogDevObjectVersion:   Dev-Networking (A4E4105C-59A1-49B5-A7C5-40C4547EDFEE): 0
LogDevObjectVersion:   Dev-Online (39C831C9-5AE6-47DC-9A44-9C173E1C8E7C): 0
LogDevObjectVersion:   Dev-Physics (78F01B33-EBEA-4F98-B9B4-84EACCB95AA2): 4
LogDevObjectVersion:   Dev-Platform (6631380F-2D4D-43E0-8009-CF276956A95A): 0
LogDevObjectVersion:   Dev-Rendering (12F88B9F-8875-4AFC-A67C-D90C383ABD29): 43
LogDevObjectVersion:   Dev-Sequencer (7B5AE74C-D270-4C10-A958-57980B212A5A): 12
LogDevObjectVersion:   Dev-VR (D7296918-1DD6-4BDD-9DE2-64A83CC13884): 3
LogDevObjectVersion:   Dev-LoadTimes (C2A15278-BFE7-4AFE-6C17-90FF531DF755): 1
LogDevObjectVersion:   Private-Geometry (6EACA3D4-40EC-4CC1-B786-8BED09428FC5): 3
LogDevObjectVersion:   Dev-AnimPhys (29E575DD-E0A3-4627-9D10-D276232CDCEA): 17
LogDevObjectVersion:   Dev-Anim (AF43A65D-7FD3-4947-9873-3E8ED9C1BB05): 7
LogDevObjectVersion:   Dev-ReflectionCapture (6B266CEC-1EC7-4B8F-A30B-E4D90942FC07): 1
LogDevObjectVersion:   Dev-Automation (0DF73D61-A23F-47EA-B727-89E90C41499A): 1
LogDevObjectVersion:   FortniteMain (601D1886-AC64-4F84-AA16-D3DE0DEAC7D6): 31
LogDevObjectVersion:   Dev-Enterprise (9DFFBCD6-494F-0158-E221-12823C92A888): 10
LogDevObjectVersion:   Dev-Niagara (F2AED0AC-9AFE-416F-8664-AA7FFA26D6FC): 1
LogDevObjectVersion:   Dev-Destruction (174F1F0B-B4C6-45A5-B13F-2EE8D0FB917D): 10
LogDevObjectVersion:   Dev-Physics-Ext (35F94A83-E258-406C-A318-09F59610247C): 37
LogDevObjectVersion:   Dev-PhysicsMaterial-Chaos (B68FC16E-8B1B-42E2-B453-215C058844FE): 1
LogDevObjectVersion:   Dev-CineCamera (B2E18506-4273-CFC2-A54E-F4BB758BBA07): 1
LogInit: Presizing for max 25165824 objects, including 0 objects not considered by GC, pre-allocating 0 bytes for permanent pool.
LogConfig: Applying CVar settings from Section [/Script/Engine.StreamingSettings] File [D:/Virtual Work Experiance group 1/Group1projects/Thirdperson version/Saved/Config/Windows/Engine.ini]
LogConfig: Setting CVar [[s.MinBulkDataSizeForAsyncLoading:131072]]
LogConfig: Setting CVar [[s.AsyncLoadingThreadEnabled:0]]
LogConfig: Setting CVar [[s.EventDrivenLoaderEnabled:1]]
LogConfig: Setting CVar [[s.WarnIfTimeLimitExceeded:0]]
LogConfig: Setting CVar [[s.TimeLimitExceededMultiplier:1.5]]
LogConfig: Setting CVar [[s.TimeLimitExceededMinTime:0.005]]
LogConfig: Setting CVar [[s.UseBackgroundLevelStreaming:1]]
LogConfig: Setting CVar [[s.PriorityAsyncLoadingExtraTime:15.0]]
LogConfig: Setting CVar [[s.LevelStreamingActorsUpdateTimeLimit:5.0]]
LogConfig: Setting CVar [[s.PriorityLevelStreamingActorsUpdateExtraTime:5.0]]
LogConfig: Setting CVar [[s.LevelStreamingComponentsRegistrationGranularity:10]]
LogConfig: Setting CVar [[s.UnregisterComponentsTimeLimit:1.0]]
LogConfig: Setting CVar [[s.LevelStreamingComponentsUnregistrationGranularity:5]]
LogConfig: Setting CVar [[s.FlushStreamingOnExit:1]]
LogInit: Object subsystem initialized
LogConfig: Setting CVar [[con.DebugEarlyDefault:1]]
LogConfig: Setting CVar [[r.setres:1280x720]]
[2021.05.12-10.44.23:541][  0]LogConfig: Setting CVar [[r.VSync:0]]
[2021.05.12-10.44.23:541][  0]LogConfig: Setting CVar [[r.RHICmdBypass:0]]
[2021.05.12-10.44.23:541][  0]LogConfig: Applying CVar settings from Section [/Script/Engine.RendererSettings] File [D:/Virtual Work Experiance group 1/Group1projects/Thirdperson version/Saved/Config/Windows/Engine.ini]
[2021.05.12-10.44.23:541][  0]LogConfig: Setting CVar [[r.GPUCrashDebugging:0]]
[2021.05.12-10.44.23:541][  0]LogConfig: Applying CVar settings from Section [/Script/Engine.RendererOverrideSettings] File [D:/Virtual Work Experiance group 1/Group1projects/Thirdperson version/Saved/Config/Windows/Engine.ini]
[2021.05.12-10.44.23:541][  0]LogConfig: Applying CVar settings from Section [/Script/Engine.StreamingSettings] File [D:/Virtual Work Experiance group 1/Group1projects/Thirdperson version/Saved/Config/Windows/Engine.ini]
[2021.05.12-10.44.23:541][  0]LogConfig: Setting CVar [[s.MinBulkDataSizeForAsyncLoading:131072]]
[2021.05.12-10.44.23:541][  0]LogConfig: Setting CVar [[s.AsyncLoadingThreadEnabled:0]]
[2021.05.12-10.44.23:541][  0]LogConfig: Setting CVar [[s.EventDrivenLoaderEnabled:1]]
[2021.05.12-10.44.23:541][  0]LogConfig: Setting CVar [[s.WarnIfTimeLimitExceeded:0]]
[2021.05.12-10.44.23:541][  0]LogConfig: Setting CVar [[s.TimeLimitExceededMultiplier:1.5]]
[2021.05.12-10.44.23:541][  0]LogConfig: Setting CVar [[s.TimeLimitExceededMinTime:0.005]]
[2021.05.12-10.44.23:541][  0]LogConfig: Setting CVar [[s.UseBackgroundLevelStreaming:1]]
[2021.05.12-10.44.23:541][  0]LogConfig: Setting CVar [[s.PriorityAsyncLoadingExtraTime:15.0]]
[2021.05.12-10.44.23:541][  0]LogConfig: Setting CVar [[s.LevelStreamingActorsUpdateTimeLimit:5.0]]
[2021.05.12-10.44.23:541][  0]LogConfig: Setting CVar [[s.PriorityLevelStreamingActorsUpdateExtraTime:5.0]]
[2021.05.12-10.44.23:541][  0]LogConfig: Setting CVar [[s.LevelStreamingComponentsRegistrationGranularity:10]]
[2021.05.12-10.44.23:541][  0]LogConfig: Setting CVar [[s.UnregisterComponentsTimeLimit:1.0]]
[2021.05.12-10.44.23:541][  0]LogConfig: Setting CVar [[s.LevelStreamingComponentsUnregistrationGranularity:5]]
[2021.05.12-10.44.23:541][  0]LogConfig: Setting CVar [[s.FlushStreamingOnExit:1]]
[2021.05.12-10.44.23:541][  0]LogConfig: Applying CVar settings from Section [/Script/Engine.GarbageCollectionSettings] File [D:/Virtual Work Experiance group 1/Group1projects/Thirdperson version/Saved/Config/Windows/Engine.ini]
[2021.05.12-10.44.23:541][  0]LogConfig: Setting CVar [[gc.MaxObjectsNotConsideredByGC:1]]
[2021.05.12-10.44.23:541][  0]LogConfig: Setting CVar [[gc.SizeOfPermanentObjectPool:0]]
[2021.05.12-10.44.23:541][  0]LogConfig: Setting CVar [[gc.FlushStreamingOnGC:0]]
[2021.05.12-10.44.23:541][  0]LogConfig: Setting CVar [[gc.NumRetriesBeforeForcingGC:10]]
[2021.05.12-10.44.23:541][  0]LogConfig: Setting CVar [[gc.AllowParallelGC:1]]
[2021.05.12-10.44.23:541][  0]LogConfig: Setting CVar [[gc.TimeBetweenPurgingPendingKillObjects:61.1]]
[2021.05.12-10.44.23:541][  0]LogConfig: Setting CVar [[gc.MaxObjectsInEditor:25165824]]
[2021.05.12-10.44.23:541][  0]LogConfig: Setting CVar [[gc.IncrementalBeginDestroyEnabled:1]]
[2021.05.12-10.44.23:541][  0]LogConfig: Setting CVar [[gc.CreateGCClusters:1]]
[2021.05.12-10.44.23:541][  0]LogConfig: Setting CVar [[gc.MinGCClusterSize:5]]
[2021.05.12-10.44.23:541][  0]LogConfig: Setting CVar [[gc.ActorClusteringEnabled:0]]
[2021.05.12-10.44.23:541][  0]LogConfig: Setting CVar [[gc.BlueprintClusteringEnabled:0]]
[2021.05.12-10.44.23:541][  0]LogConfig: Setting CVar [[gc.UseDisregardForGCOnDedicatedServers:0]]
[2021.05.12-10.44.23:541][  0]LogConfig: Applying CVar settings from Section [/Script/Engine.NetworkSettings] File [D:/Virtual Work Experiance group 1/Group1projects/Thirdperson version/Saved/Config/Windows/Engine.ini]
[2021.05.12-10.44.23:541][  0]LogConfig: Applying CVar settings from Section [/Script/UnrealEd.CookerSettings] File [D:/Virtual Work Experiance group 1/Group1projects/Thirdperson version/Saved/Config/Windows/Engine.ini]
[2021.05.12-10.44.23:543][  0]LogConfig: Applying CVar settings from Section [ViewDistanceQuality@3] File [D:/Virtual Work Experiance group 1/Group1projects/Thirdperson version/Saved/Config/Windows/Scalability.ini]
[2021.05.12-10.44.23:543][  0]LogConfig: Setting CVar [[r.SkeletalMeshLODBias:0]]
[2021.05.12-10.44.23:543][  0]LogConfig: Setting CVar [[r.ViewDistanceScale:1.0]]
[2021.05.12-10.44.23:543][  0]LogConfig: Applying CVar settings from Section [AntiAliasingQuality@3] File [D:/Virtual Work Experiance group 1/Group1projects/Thirdperson version/Saved/Config/Windows/Scalability.ini]
[2021.05.12-10.44.23:543][  0]LogConfig: Setting CVar [[r.PostProcessAAQuality:4]]
[2021.05.12-10.44.23:543][  0]LogConfig: Applying CVar settings from Section [ShadowQuality@3] File [D:/Virtual Work Experiance group 1/Group1projects/Thirdperson version/Saved/Config/Windows/Scalability.ini]
[2021.05.12-10.44.23:543][  0]LogConfig: Setting CVar [[r.LightFunctionQuality:1]]
[2021.05.12-10.44.23:543][  0]LogConfig: Setting CVar [[r.ShadowQuality:5]]
[2021.05.12-10.44.23:543][  0]LogConfig: Setting CVar [[r.Shadow.CSM.MaxCascades:10]]
[2021.05.12-10.44.23:543][  0]LogConfig: Setting CVar [[r.Shadow.MaxResolution:2048]]
[2021.05.12-10.44.23:543][  0]LogConfig: Setting CVar [[r.Shadow.MaxCSMResolution:2048]]
[2021.05.12-10.44.23:543][  0]LogConfig: Setting CVar [[r.Shadow.RadiusThreshold:0.01]]
[2021.05.12-10.44.23:543][  0]LogConfig: Setting CVar [[r.Shadow.DistanceScale:1.0]]
[2021.05.12-10.44.23:543][  0]LogConfig: Setting CVar [[r.Shadow.CSM.TransitionScale:1.0]]
[2021.05.12-10.44.23:543][  0]LogConfig: Setting CVar [[r.Shadow.PreShadowResolutionFactor:1.0]]
[2021.05.12-10.44.23:543][  0]LogConfig: Setting CVar [[r.DistanceFieldShadowing:1]]
[2021.05.12-10.44.23:543][  0]LogConfig: Setting CVar [[r.DistanceFieldAO:1]]
[2021.05.12-10.44.23:543][  0]LogConfig: Setting CVar [[r.AOQuality:2]]
[2021.05.12-10.44.23:543][  0]LogConfig: Setting CVar [[r.VolumetricFog:1]]
[2021.05.12-10.44.23:543][  0]LogConfig: Setting CVar [[r.VolumetricFog.GridPixelSize:8]]
[2021.05.12-10.44.23:543][  0]LogConfig: Setting CVar [[r.VolumetricFog.GridSizeZ:128]]
[2021.05.12-10.44.23:543][  0]LogConfig: Setting CVar [[r.VolumetricFog.HistoryMissSupersampleCount:4]]
[2021.05.12-10.44.23:543][  0]LogConfig: Setting CVar [[r.LightMaxDrawDistanceScale:1]]
[2021.05.12-10.44.23:543][  0]LogConfig: Setting CVar [[r.CapsuleShadows:1]]
[2021.05.12-10.44.23:543][  0]LogConfig: Applying CVar settings from Section [PostProcessQuality@3] File [D:/Virtual Work Experiance group 1/Group1projects/Thirdperson version/Saved/Config/Windows/Scalability.ini]
[2021.05.12-10.44.23:544][  0]LogConfig: Setting CVar [[r.MotionBlurQuality:4]]
[2021.05.12-10.44.23:544][  0]LogConfig: Setting CVar [[r.AmbientOcclusionMipLevelFactor:0.4]]
[2021.05.12-10.44.23:544][  0]LogConfig: Setting CVar [[r.AmbientOcclusionMaxQuality:100]]
[2021.05.12-10.44.23:544][  0]LogConfig: Setting CVar [[r.AmbientOcclusionLevels:-1]]
[2021.05.12-10.44.23:544][  0]LogConfig: Setting CVar [[r.AmbientOcclusionRadiusScale:1.0]]
[2021.05.12-10.44.23:544][  0]LogConfig: Setting CVar [[r.DepthOfFieldQuality:2]]
[2021.05.12-10.44.23:544][  0]LogConfig: Setting CVar [[r.RenderTargetPoolMin:400]]
[2021.05.12-10.44.23:544][  0]LogConfig: Setting CVar [[r.LensFlareQuality:2]]
[2021.05.12-10.44.23:544][  0]LogConfig: Setting CVar [[r.SceneColorFringeQuality:1]]
[2021.05.12-10.44.23:544][  0]LogConfig: Setting CVar [[r.EyeAdaptationQuality:2]]
[2021.05.12-10.44.23:544][  0]LogConfig: Setting CVar [[r.BloomQuality:5]]
[2021.05.12-10.44.23:544][  0]LogConfig: Setting CVar [[r.FastBlurThreshold:100]]
[2021.05.12-10.44.23:544][  0]LogConfig: Setting CVar [[r.Upscale.Quality:3]]
[2021.05.12-10.44.23:544][  0]LogConfig: Setting CVar [[r.Tonemapper.GrainQuantization:1]]
[2021.05.12-10.44.23:544][  0]LogConfig: Setting CVar [[r.LightShaftQuality:1]]
[2021.05.12-10.44.23:544][  0]LogConfig: Setting CVar [[r.Filter.SizeScale:1]]
[2021.05.12-10.44.23:544][  0]LogConfig: Setting CVar [[r.Tonemapper.Quality:5]]
[2021.05.12-10.44.23:544][  0]LogConfig: Setting CVar [[r.DOF.Gather.AccumulatorQuality:1        ; higher gathering accumulator quality]]
[2021.05.12-10.44.23:544][  0]LogConfig: Setting CVar [[r.DOF.Gather.PostfilterMethod:1          ; Median3x3 postfilering method]]
[2021.05.12-10.44.23:544][  0]LogConfig: Setting CVar [[r.DOF.Gather.EnableBokehSettings:0       ; no bokeh simulation when gathering]]
[2021.05.12-10.44.23:544][  0]LogConfig: Setting CVar [[r.DOF.Gather.RingCount:4                 ; medium number of samples when gathering]]
[2021.05.12-10.44.23:544][  0]LogConfig: Setting CVar [[r.DOF.Scatter.ForegroundCompositing:1    ; additive foreground scattering]]
[2021.05.12-10.44.23:544][  0]LogConfig: Setting CVar [[r.DOF.Scatter.BackgroundCompositing:2    ; additive background scattering]]
[2021.05.12-10.44.23:544][  0]LogConfig: Setting CVar [[r.DOF.Scatter.EnableBokehSettings:1      ; bokeh simulation when scattering]]
[2021.05.12-10.44.23:544][  0]LogConfig: Setting CVar [[r.DOF.Scatter.MaxSpriteRatio:0.1         ; only a maximum of 10% of scattered bokeh]]
[2021.05.12-10.44.23:544][  0]LogConfig: Setting CVar [[r.DOF.Recombine.Quality:1                ; cheap slight out of focus]]
[2021.05.12-10.44.23:544][  0]LogConfig: Setting CVar [[r.DOF.Recombine.EnableBokehSettings:0    ; no bokeh simulation on slight out of focus]]
[2021.05.12-10.44.23:544][  0]LogConfig: Setting CVar [[r.DOF.TemporalAAQuality:1                ; more stable temporal accumulation]]
[2021.05.12-10.44.23:544][  0]LogConfig: Setting CVar [[r.DOF.Kernel.MaxForegroundRadius:0.025]]
[2021.05.12-10.44.23:544][  0]LogConfig: Setting CVar [[r.DOF.Kernel.MaxBackgroundRadius:0.025]]
[2021.05.12-10.44.23:544][  0]LogConfig: Applying CVar settings from Section [TextureQuality@3] File [D:/Virtual Work Experiance group 1/Group1projects/Thirdperson version/Saved/Config/Windows/Scalability.ini]
[2021.05.12-10.44.23:544][  0]LogConfig: Setting CVar [[r.Streaming.MipBias:0]]
[2021.05.12-10.44.23:544][  0]LogConfig: Setting CVar [[r.Streaming.AmortizeCPUToGPUCopy:0]]
[2021.05.12-10.44.23:544][  0]LogConfig: Setting CVar [[r.Streaming.MaxNumTexturesToStreamPerFrame:0]]
[2021.05.12-10.44.23:544][  0]LogConfig: Setting CVar [[r.Streaming.Boost:1]]
[2021.05.12-10.44.23:544][  0]LogConfig: Setting CVar [[r.MaxAnisotropy:8]]
[2021.05.12-10.44.23:544][  0]LogConfig: Setting CVar [[r.VT.MaxAnisotropy:8]]
[2021.05.12-10.44.23:544][  0]LogConfig: Setting CVar [[r.Streaming.LimitPoolSizeToVRAM:0]]
[2021.05.12-10.44.23:544][  0]LogConfig: Setting CVar [[r.Streaming.PoolSize:1000]]
[2021.05.12-10.44.23:544][  0]LogConfig: Setting CVar [[r.Streaming.MaxEffectiveScreenSize:0]]
[2021.05.12-10.44.23:544][  0]LogConfig: Applying CVar settings from Section [EffectsQuality@3] File [D:/Virtual Work Experiance group 1/Group1projects/Thirdperson version/Saved/Config/Windows/Scalability.ini]
[2021.05.12-10.44.23:544][  0]LogConfig: Setting CVar [[r.TranslucencyLightingVolumeDim:64]]
[2021.05.12-10.44.23:544][  0]LogConfig: Setting CVar [[r.RefractionQuality:2]]
[2021.05.12-10.44.23:544][  0]LogConfig: Setting CVar [[r.SSR.Quality:3]]
[2021.05.12-10.44.23:544][  0]LogConfig: Setting CVar [[r.SSR.HalfResSceneColor:0]]
[2021.05.12-10.44.23:544][  0]LogConfig: Setting CVar [[r.SceneColorFormat:4]]
[2021.05.12-10.44.23:544][  0]LogConfig: Setting CVar [[r.DetailMode:2]]
[2021.05.12-10.44.23:544][  0]LogConfig: Setting CVar [[r.TranslucencyVolumeBlur:1]]
[2021.05.12-10.44.23:544][  0]LogConfig: Setting CVar [[r.MaterialQualityLevel:1 ; High quality]]
[2021.05.12-10.44.23:544][  0]LogConfig: Setting CVar [[r.SSS.Scale:1]]
[2021.05.12-10.44.23:544][  0]LogConfig: Setting CVar [[r.SSS.SampleSet:2]]
[2021.05.12-10.44.23:544][  0]LogConfig: Setting CVar [[r.SSS.Quality:1]]
[2021.05.12-10.44.23:544][  0]LogConfig: Setting CVar [[r.SSS.HalfRes:0]]
[2021.05.12-10.44.23:544][  0]LogConfig: Setting CVar [[r.SSGI.Quality:3]]
[2021.05.12-10.44.23:544][  0]LogConfig: Setting CVar [[r.EmitterSpawnRateScale:1.0]]
[2021.05.12-10.44.23:544][  0]LogConfig: Setting CVar [[r.ParticleLightQuality:2]]
[2021.05.12-10.44.23:544][  0]LogConfig: Setting CVar [[r.SkyAtmosphere.AerialPerspectiveLUT.FastApplyOnOpaque:1 ; Always have FastSkyLUT 1 in this case to avoid wrong sky]]
[2021.05.12-10.44.23:544][  0]LogConfig: Setting CVar [[r.SkyAtmosphere.AerialPerspectiveLUT.SampleCountPerSlice:1]]
[2021.05.12-10.44.23:544][  0]LogConfig: Setting CVar [[r.SkyAtmosphere.AerialPerspectiveLUT.DepthResolution:16.0]]
[2021.05.12-10.44.23:544][  0]LogConfig: Setting CVar [[r.SkyAtmosphere.FastSkyLUT:1]]
[2021.05.12-10.44.23:544][  0]LogConfig: Setting CVar [[r.SkyAtmosphere.FastSkyLUT.SampleCountMin:4.0]]
[2021.05.12-10.44.23:544][  0]LogConfig: Setting CVar [[r.SkyAtmosphere.FastSkyLUT.SampleCountMax:32.0]]
[2021.05.12-10.44.23:544][  0]LogConfig: Setting CVar [[r.SkyAtmosphere.SampleCountMin:4.0]]
[2021.05.12-10.44.23:544][  0]LogConfig: Setting CVar [[r.SkyAtmosphere.SampleCountMax:32.0]]
[2021.05.12-10.44.23:544][  0]LogConfig: Setting CVar [[r.SkyAtmosphere.TransmittanceLUT.UseSmallFormat:0]]
[2021.05.12-10.44.23:544][  0]LogConfig: Setting CVar [[r.SkyAtmosphere.TransmittanceLUT.SampleCount:10.0]]
[2021.05.12-10.44.23:544][  0]LogConfig: Setting CVar [[r.SkyAtmosphere.MultiScatteringLUT.SampleCount:15.0]]
[2021.05.12-10.44.23:544][  0]LogConfig: Applying CVar settings from Section [FoliageQuality@3] File [D:/Virtual Work Experiance group 1/Group1projects/Thirdperson version/Saved/Config/Windows/Scalability.ini]
[2021.05.12-10.44.23:544][  0]LogConfig: Setting CVar [[foliage.DensityScale:1.0]]
[2021.05.12-10.44.23:544][  0]LogConfig: Setting CVar [[grass.DensityScale:1.0]]
[2021.05.12-10.44.23:544][  0]LogConfig: Applying CVar settings from Section [ShadingQuality@3] File [D:/Virtual Work Experiance group 1/Group1projects/Thirdperson version/Saved/Config/Windows/Scalability.ini]
[2021.05.12-10.44.23:544][  0]LogConfig: Setting CVar [[r.HairStrands.SkyLighting.SampleCount:16]]
[2021.05.12-10.44.23:544][  0]LogConfig: Setting CVar [[r.HairStrands.SkyLighting.JitterIntegration:0]]
[2021.05.12-10.44.23:544][  0]LogConfig: Setting CVar [[r.HairStrands.SkyAO.SampleCount:16]]
[2021.05.12-10.44.23:544][  0]LogConfig: Setting CVar [[r.HairStrands.DeepShadow.SuperSampling:0]]
[2021.05.12-10.44.23:544][  0]LogConfig: Setting CVar [[r.HairStrands.VisibilityPPLL:0]]
[2021.05.12-10.44.23:544][  0]LogConfig: Setting CVar [[r.HairStrands.RasterizationScale:0.5]]
[2021.05.12-10.44.23:544][  0]LogConfig: Setting CVar [[r.HairStrands.VelocityRasterizationScale:1]]
[2021.05.12-10.44.23:544][  0]LogInit: Selected Device Profile: [Windows]
[2021.05.12-10.44.23:544][  0]LogInit: Applying CVar settings loaded from the selected device profile: [Windows]
[2021.05.12-10.44.23:545][  0]LogHAL: Display: Platform has ~ 16 GB [17125564416 / 17179869184 / 16], which maps to Larger [LargestMinGB=32, LargerMinGB=12, DefaultMinGB=8, SmallerMinGB=6, SmallestMinGB=0)
[2021.05.12-10.44.23:545][  0]LogInit: Going up to parent DeviceProfile []
[2021.05.12-10.44.23:545][  0]LogConfig: Applying CVar settings from Section [ViewDistanceQuality@3] File [D:/Virtual Work Experiance group 1/Group1projects/Thirdperson version/Saved/Config/Windows/Scalability.ini]
[2021.05.12-10.44.23:545][  0]LogConfig: Setting CVar [[r.SkeletalMeshLODBias:0]]
[2021.05.12-10.44.23:545][  0]LogConfig: Setting CVar [[r.ViewDistanceScale:1.0]]
[2021.05.12-10.44.23:545][  0]LogConfig: Applying CVar settings from Section [AntiAliasingQuality@3] File [D:/Virtual Work Experiance group 1/Group1projects/Thirdperson version/Saved/Config/Windows/Scalability.ini]
[2021.05.12-10.44.23:545][  0]LogConfig: Setting CVar [[r.PostProcessAAQuality:4]]
[2021.05.12-10.44.23:545][  0]LogConfig: Applying CVar settings from Section [ShadowQuality@3] File [D:/Virtual Work Experiance group 1/Group1projects/Thirdperson version/Saved/Config/Windows/Scalability.ini]
[2021.05.12-10.44.23:545][  0]LogConfig: Setting CVar [[r.LightFunctionQuality:1]]
[2021.05.12-10.44.23:545][  0]LogConfig: Setting CVar [[r.ShadowQuality:5]]
[2021.05.12-10.44.23:545][  0]LogConfig: Setting CVar [[r.Shadow.CSM.MaxCascades:10]]
[2021.05.12-10.44.23:545][  0]LogConfig: Setting CVar [[r.Shadow.MaxResolution:2048]]
[2021.05.12-10.44.23:545][  0]LogConfig: Setting CVar [[r.Shadow.MaxCSMResolution:2048]]
[2021.05.12-10.44.23:545][  0]LogConfig: Setting CVar [[r.Shadow.RadiusThreshold:0.01]]
[2021.05.12-10.44.23:545][  0]LogConfig: Setting CVar [[r.Shadow.DistanceScale:1.0]]
[2021.05.12-10.44.23:545][  0]LogConfig: Setting CVar [[r.Shadow.CSM.TransitionScale:1.0]]
[2021.05.12-10.44.23:545][  0]LogConfig: Setting CVar [[r.Shadow.PreShadowResolutionFactor:1.0]]
[2021.05.12-10.44.23:545][  0]LogConfig: Setting CVar [[r.DistanceFieldShadowing:1]]
[2021.05.12-10.44.23:545][  0]LogConfig: Setting CVar [[r.DistanceFieldAO:1]]
[2021.05.12-10.44.23:545][  0]LogConfig: Setting CVar [[r.AOQuality:2]]
[2021.05.12-10.44.23:545][  0]LogConfig: Setting CVar [[r.VolumetricFog:1]]
[2021.05.12-10.44.23:545][  0]LogConfig: Setting CVar [[r.VolumetricFog.GridPixelSize:8]]
[2021.05.12-10.44.23:545][  0]LogConfig: Setting CVar [[r.VolumetricFog.GridSizeZ:128]]
[2021.05.12-10.44.23:545][  0]LogConfig: Setting CVar [[r.VolumetricFog.HistoryMissSupersampleCount:4]]
[2021.05.12-10.44.23:545][  0]LogConfig: Setting CVar [[r.LightMaxDrawDistanceScale:1]]
[2021.05.12-10.44.23:545][  0]LogConfig: Setting CVar [[r.CapsuleShadows:1]]
[2021.05.12-10.44.23:545][  0]LogConfig: Applying CVar settings from Section [PostProcessQuality@3] File [D:/Virtual Work Experiance group 1/Group1projects/Thirdperson version/Saved/Config/Windows/Scalability.ini]
[2021.05.12-10.44.23:545][  0]LogConfig: Setting CVar [[r.MotionBlurQuality:4]]
[2021.05.12-10.44.23:545][  0]LogConfig: Setting CVar [[r.AmbientOcclusionMipLevelFactor:0.4]]
[2021.05.12-10.44.23:545][  0]LogConfig: Setting CVar [[r.AmbientOcclusionMaxQuality:100]]
[2021.05.12-10.44.23:545][  0]LogConfig: Setting CVar [[r.AmbientOcclusionLevels:-1]]
[2021.05.12-10.44.23:545][  0]LogConfig: Setting CVar [[r.AmbientOcclusionRadiusScale:1.0]]
[2021.05.12-10.44.23:545][  0]LogConfig: Setting CVar [[r.DepthOfFieldQuality:2]]
[2021.05.12-10.44.23:545][  0]LogConfig: Setting CVar [[r.RenderTargetPoolMin:400]]
[2021.05.12-10.44.23:545][  0]LogConfig: Setting CVar [[r.LensFlareQuality:2]]
[2021.05.12-10.44.23:545][  0]LogConfig: Setting CVar [[r.SceneColorFringeQuality:1]]
[2021.05.12-10.44.23:545][  0]LogConfig: Setting CVar [[r.EyeAdaptationQuality:2]]
[2021.05.12-10.44.23:545][  0]LogConfig: Setting CVar [[r.BloomQuality:5]]
[2021.05.12-10.44.23:545][  0]LogConfig: Setting CVar [[r.FastBlurThreshold:100]]
[2021.05.12-10.44.23:545][  0]LogConfig: Setting CVar [[r.Upscale.Quality:3]]
[2021.05.12-10.44.23:545][  0]LogConfig: Setting CVar [[r.Tonemapper.GrainQuantization:1]]
[2021.05.12-10.44.23:545][  0]LogConfig: Setting CVar [[r.LightShaftQuality:1]]
[2021.05.12-10.44.23:545][  0]LogConfig: Setting CVar [[r.Filter.SizeScale:1]]
[2021.05.12-10.44.23:545][  0]LogConfig: Setting CVar [[r.Tonemapper.Quality:5]]
[2021.05.12-10.44.23:545][  0]LogConfig: Setting CVar [[r.DOF.Gather.AccumulatorQuality:1        ; higher gathering accumulator quality]]
[2021.05.12-10.44.23:545][  0]LogConfig: Setting CVar [[r.DOF.Gather.PostfilterMethod:1          ; Median3x3 postfilering method]]
[2021.05.12-10.44.23:545][  0]LogConfig: Setting CVar [[r.DOF.Gather.EnableBokehSettings:0       ; no bokeh simulation when gathering]]
[2021.05.12-10.44.23:545][  0]LogConfig: Setting CVar [[r.DOF.Gather.RingCount:4                 ; medium number of samples when gathering]]
[2021.05.12-10.44.23:545][  0]LogConfig: Setting CVar [[r.DOF.Scatter.ForegroundCompositing:1    ; additive foreground scattering]]
[2021.05.12-10.44.23:545][  0]LogConfig: Setting CVar [[r.DOF.Scatter.BackgroundCompositing:2    ; additive background scattering]]
[2021.05.12-10.44.23:545][  0]LogConfig: Setting CVar [[r.DOF.Scatter.EnableBokehSettings:1      ; bokeh simulation when scattering]]
[2021.05.12-10.44.23:545][  0]LogConfig: Setting CVar [[r.DOF.Scatter.MaxSpriteRatio:0.1         ; only a maximum of 10% of scattered bokeh]]
[2021.05.12-10.44.23:545][  0]LogConfig: Setting CVar [[r.DOF.Recombine.Quality:1                ; cheap slight out of focus]]
[2021.05.12-10.44.23:545][  0]LogConfig: Setting CVar [[r.DOF.Recombine.EnableBokehSettings:0    ; no bokeh simulation on slight out of focus]]
[2021.05.12-10.44.23:545][  0]LogConfig: Setting CVar [[r.DOF.TemporalAAQuality:1                ; more stable temporal accumulation]]
[2021.05.12-10.44.23:545][  0]LogConfig: Setting CVar [[r.DOF.Kernel.MaxForegroundRadius:0.025]]
[2021.05.12-10.44.23:545][  0]LogConfig: Setting CVar [[r.DOF.Kernel.MaxBackgroundRadius:0.025]]
[2021.05.12-10.44.23:545][  0]LogConfig: Applying CVar settings from Section [TextureQuality@3] File [D:/Virtual Work Experiance group 1/Group1projects/Thirdperson version/Saved/Config/Windows/Scalability.ini]
[2021.05.12-10.44.23:545][  0]LogConfig: Setting CVar [[r.Streaming.MipBias:0]]
[2021.05.12-10.44.23:545][  0]LogConfig: Setting CVar [[r.Streaming.AmortizeCPUToGPUCopy:0]]
[2021.05.12-10.44.23:545][  0]LogConfig: Setting CVar [[r.Streaming.MaxNumTexturesToStreamPerFrame:0]]
[2021.05.12-10.44.23:545][  0]LogConfig: Setting CVar [[r.Streaming.Boost:1]]
[2021.05.12-10.44.23:545][  0]LogConfig: Setting CVar [[r.MaxAnisotropy:8]]
[2021.05.12-10.44.23:545][  0]LogConfig: Setting CVar [[r.VT.MaxAnisotropy:8]]
[2021.05.12-10.44.23:545][  0]LogConfig: Setting CVar [[r.Streaming.LimitPoolSizeToVRAM:0]]
[2021.05.12-10.44.23:545][  0]LogConfig: Setting CVar [[r.Streaming.PoolSize:1000]]
[2021.05.12-10.44.23:545][  0]LogConfig: Setting CVar [[r.Streaming.MaxEffectiveScreenSize:0]]
[2021.05.12-10.44.23:545][  0]LogConfig: Applying CVar settings from Section [EffectsQuality@3] File [D:/Virtual Work Experiance group 1/Group1projects/Thirdperson version/Saved/Config/Windows/Scalability.ini]
[2021.05.12-10.44.23:545][  0]LogConfig: Setting CVar [[r.TranslucencyLightingVolumeDim:64]]
[2021.05.12-10.44.23:545][  0]LogConfig: Setting CVar [[r.RefractionQuality:2]]
[2021.05.12-10.44.23:545][  0]LogConfig: Setting CVar [[r.SSR.Quality:3]]
[2021.05.12-10.44.23:545][  0]LogConfig: Setting CVar [[r.SSR.HalfResSceneColor:0]]
[2021.05.12-10.44.23:545][  0]LogConfig: Setting CVar [[r.SceneColorFormat:4]]
[2021.05.12-10.44.23:545][  0]LogConfig: Setting CVar [[r.DetailMode:2]]
[2021.05.12-10.44.23:545][  0]LogConfig: Setting CVar [[r.TranslucencyVolumeBlur:1]]
[2021.05.12-10.44.23:545][  0]LogConfig: Setting CVar [[r.MaterialQualityLevel:1 ; High quality]]
[2021.05.12-10.44.23:545][  0]LogConfig: Setting CVar [[r.SSS.Scale:1]]
[2021.05.12-10.44.23:545][  0]LogConfig: Setting CVar [[r.SSS.SampleSet:2]]
[2021.05.12-10.44.23:545][  0]LogConfig: Setting CVar [[r.SSS.Quality:1]]
[2021.05.12-10.44.23:545][  0]LogConfig: Setting CVar [[r.SSS.HalfRes:0]]
[2021.05.12-10.44.23:545][  0]LogConfig: Setting CVar [[r.SSGI.Quality:3]]
[2021.05.12-10.44.23:545][  0]LogConfig: Setting CVar [[r.EmitterSpawnRateScale:1.0]]
[2021.05.12-10.44.23:545][  0]LogConfig: Setting CVar [[r.ParticleLightQuality:2]]
[2021.05.12-10.44.23:545][  0]LogConfig: Setting CVar [[r.SkyAtmosphere.AerialPerspectiveLUT.FastApplyOnOpaque:1 ; Always have FastSkyLUT 1 in this case to avoid wrong sky]]
[2021.05.12-10.44.23:546][  0]LogConfig: Setting CVar [[r.SkyAtmosphere.AerialPerspectiveLUT.SampleCountPerSlice:1]]
[2021.05.12-10.44.23:546][  0]LogConfig: Setting CVar [[r.SkyAtmosphere.AerialPerspectiveLUT.DepthResolution:16.0]]
[2021.05.12-10.44.23:546][  0]LogConfig: Setting CVar [[r.SkyAtmosphere.FastSkyLUT:1]]
[2021.05.12-10.44.23:546][  0]LogConfig: Setting CVar [[r.SkyAtmosphere.FastSkyLUT.SampleCountMin:4.0]]
[2021.05.12-10.44.23:546][  0]LogConfig: Setting CVar [[r.SkyAtmosphere.FastSkyLUT.SampleCountMax:32.0]]
[2021.05.12-10.44.23:546][  0]LogConfig: Setting CVar [[r.SkyAtmosphere.SampleCountMin:4.0]]
[2021.05.12-10.44.23:546][  0]LogConfig: Setting CVar [[r.SkyAtmosphere.SampleCountMax:32.0]]
[2021.05.12-10.44.23:546][  0]LogConfig: Setting CVar [[r.SkyAtmosphere.TransmittanceLUT.UseSmallFormat:0]]
[2021.05.12-10.44.23:546][  0]LogConfig: Setting CVar [[r.SkyAtmosphere.TransmittanceLUT.SampleCount:10.0]]
[2021.05.12-10.44.23:546][  0]LogConfig: Setting CVar [[r.SkyAtmosphere.MultiScatteringLUT.SampleCount:15.0]]
[2021.05.12-10.44.23:546][  0]LogConfig: Applying CVar settings from Section [FoliageQuality@3] File [D:/Virtual Work Experiance group 1/Group1projects/Thirdperson version/Saved/Config/Windows/Scalability.ini]
[2021.05.12-10.44.23:546][  0]LogConfig: Setting CVar [[foliage.DensityScale:1.0]]
[2021.05.12-10.44.23:546][  0]LogConfig: Setting CVar [[grass.DensityScale:1.0]]
[2021.05.12-10.44.23:546][  0]LogConfig: Applying CVar settings from Section [ShadingQuality@3] File [D:/Virtual Work Experiance group 1/Group1projects/Thirdperson version/Saved/Config/Windows/Scalability.ini]
[2021.05.12-10.44.23:546][  0]LogConfig: Setting CVar [[r.HairStrands.SkyLighting.SampleCount:16]]
[2021.05.12-10.44.23:546][  0]LogConfig: Setting CVar [[r.HairStrands.SkyLighting.JitterIntegration:0]]
[2021.05.12-10.44.23:546][  0]LogConfig: Setting CVar [[r.HairStrands.SkyAO.SampleCount:16]]
[2021.05.12-10.44.23:546][  0]LogConfig: Setting CVar [[r.HairStrands.DeepShadow.SuperSampling:0]]
[2021.05.12-10.44.23:546][  0]LogConfig: Setting CVar [[r.HairStrands.VisibilityPPLL:0]]
[2021.05.12-10.44.23:546][  0]LogConfig: Setting CVar [[r.HairStrands.RasterizationScale:0.5]]
[2021.05.12-10.44.23:546][  0]LogConfig: Setting CVar [[r.HairStrands.VelocityRasterizationScale:1]]
[2021.05.12-10.44.23:546][  0]LogConfig: Applying CVar settings from Section [Startup] File [../../../Engine/Config/ConsoleVariables.ini]
[2021.05.12-10.44.23:546][  0]LogConfig: Setting CVar [[net.UseAdaptiveNetUpdateFrequency:0]]
[2021.05.12-10.44.23:546][  0]LogConfig: Setting CVar [[p.chaos.AllowCreatePhysxBodies:1]]
[2021.05.12-10.44.23:546][  0]LogConfig: Setting CVar [[fx.SkipVectorVMBackendOptimizations:1]]
[2021.05.12-10.44.23:546][  0]LogConfig: Applying CVar settings from Section [ConsoleVariables] File [D:/Virtual Work Experiance group 1/Group1projects/Thirdperson version/Saved/Config/Windows/Engine.ini]
[2021.05.12-10.44.23:546][  0]LogInit: Computer: A22812X
[2021.05.12-10.44.23:546][  0]LogInit: User: ms05254929
[2021.05.12-10.44.23:546][  0]LogInit: CPU Page size=4096, Cores=6
[2021.05.12-10.44.23:546][  0]LogInit: High frequency timer resolution =10.000000 MHz
[2021.05.12-10.44.23:546][  0]LogMemory: Memory total: Physical=15.9GB (16GB approx)
[2021.05.12-10.44.23:546][  0]LogMemory: Platform Memory Stats for Windows
[2021.05.12-10.44.23:546][  0]LogMemory: Process Physical Memory: 113.50 MB used, 113.51 MB peak
[2021.05.12-10.44.23:546][  0]LogMemory: Process Virtual Memory: 95.85 MB used, 95.85 MB peak
[2021.05.12-10.44.23:546][  0]LogMemory: Physical Memory: 6017.98 MB used,  10314.23 MB free, 16332.21 MB total
[2021.05.12-10.44.23:546][  0]LogMemory: Virtual Memory: 5137.18 MB used,  134212592.00 MB free, 134217728.00 MB total
[2021.05.12-10.44.23:551][  0]LogWindows: WindowsPlatformFeatures enabled
[2021.05.12-10.44.23:586][  0]LogInit: Physics initialised using underlying interface: PhysX
[2021.05.12-10.44.23:587][  0]LogInit: Using OS detected language (en-US).
[2021.05.12-10.44.23:587][  0]LogInit: Using OS detected locale (en-GB).
[2021.05.12-10.44.23:588][  0]LogTextLocalizationManager: No specific localization for 'en-US' exists, so the 'en' localization will be used.
[2021.05.12-10.44.23:762][  0]LogInit: Setting process to per monitor DPI aware
[2021.05.12-10.44.23:788][  0]LogSlate: New Slate User Created.  User Index 0, Is Virtual User: 0
[2021.05.12-10.44.23:788][  0]LogSlate: Slate User Registered.  User Index 0, Is Virtual User: 0
[2021.05.12-10.44.24:053][  0]LogHMD: Failed to initialize OpenVR with code 110
[2021.05.12-10.44.24:053][  0]LogD3D11RHI: D3D11 min allowed feature level: 11_0
[2021.05.12-10.44.24:053][  0]LogD3D11RHI: D3D11 max allowed feature level: 11_0
[2021.05.12-10.44.24:053][  0]LogD3D11RHI: D3D11 adapters:
[2021.05.12-10.44.24:117][  0]LogD3D11RHI:    0. 'NVIDIA GeForce GTX 1660' (Feature Level 11_0)
[2021.05.12-10.44.24:117][  0]LogD3D11RHI:       5991/0/8166 MB DedicatedVideo/DedicatedSystem/SharedSystem, Outputs:1, VendorId:0x10de
[2021.05.12-10.44.24:120][  0]LogD3D11RHI:    1. 'Microsoft Basic Render Driver' (Feature Level 11_0)
[2021.05.12-10.44.24:120][  0]LogD3D11RHI:       0/0/8166 MB DedicatedVideo/DedicatedSystem/SharedSystem, Outputs:0, VendorId:0x1414
[2021.05.12-10.44.24:120][  0]LogD3D11RHI: Chosen D3D11 Adapter: 0
[2021.05.12-10.44.24:126][  0]LogD3D11RHI: Creating new Direct3DDevice
[2021.05.12-10.44.24:126][  0]LogD3D11RHI:     GPU DeviceId: 0x2184 (for the marketing name, search the web for "GPU Device Id")
[2021.05.12-10.44.24:126][  0]LogWindows: EnumDisplayDevices:
[2021.05.12-10.44.24:126][  0]LogWindows:    0. 'NVIDIA GeForce GTX 1660' (P:1 D:1)
[2021.05.12-10.44.24:127][  0]LogWindows:    1. 'NVIDIA GeForce GTX 1660' (P:0 D:0)
[2021.05.12-10.44.24:127][  0]LogWindows:    2. 'NVIDIA GeForce GTX 1660' (P:0 D:0)
[2021.05.12-10.44.24:127][  0]LogWindows:    3. 'NVIDIA GeForce GTX 1660' (P:0 D:0)
[2021.05.12-10.44.24:127][  0]LogWindows: DebugString: FoundDriverCount:4 
[2021.05.12-10.44.24:127][  0]LogD3D11RHI:     Adapter Name: NVIDIA GeForce GTX 1660
[2021.05.12-10.44.24:127][  0]LogD3D11RHI:   Driver Version: 451.67 (internal:27.21.14.5167, unified:451.67)
[2021.05.12-10.44.24:127][  0]LogD3D11RHI:      Driver Date: 7-5-2020
[2021.05.12-10.44.24:127][  0]LogRHI: Texture pool is 4193 MB (70% of 5991 MB)
[2021.05.12-10.44.24:170][  0]LogD3D11RHI: RHI has support for 64 bit atomics
[2021.05.12-10.44.24:173][  0]LogD3D11RHI: [Aftermath] Enabled and primed
[2021.05.12-10.44.24:173][  0]LogD3D11RHI: Async texture creation enabled
[2021.05.12-10.44.24:173][  0]LogD3D11RHI: Array index from any shader is supported
[2021.05.12-10.44.24:188][  0]LogD3D11RHI: GPU Timing Frequency: 1000.000000 (Debug: 2 1)
[2021.05.12-10.44.24:458][  0]LogTargetPlatformManager: Display: Loaded TargetPlatform 'AllDesktop'
[2021.05.12-10.44.24:476][  0]LogTargetPlatformManager: Display: Loaded TargetPlatform 'Android'
[2021.05.12-10.44.24:477][  0]LogTargetPlatformManager: Display: Loaded TargetPlatform 'Android_ASTC'
[2021.05.12-10.44.24:477][  0]LogTargetPlatformManager: Display: Loaded TargetPlatform 'Android_DXT'
[2021.05.12-10.44.24:477][  0]LogTargetPlatformManager: Display: Loaded TargetPlatform 'Android_ETC2'
[2021.05.12-10.44.24:477][  0]LogTargetPlatformManager: Display: Loaded TargetPlatform 'AndroidClient'
[2021.05.12-10.44.24:477][  0]LogTargetPlatformManager: Display: Loaded TargetPlatform 'Android_ASTCClient'
[2021.05.12-10.44.24:477][  0]LogTargetPlatformManager: Display: Loaded TargetPlatform 'Android_DXTClient'
[2021.05.12-10.44.24:477][  0]LogTargetPlatformManager: Display: Loaded TargetPlatform 'Android_ETC2Client'
[2021.05.12-10.44.24:477][  0]LogTargetPlatformManager: Display: Loaded TargetPlatform 'Android_Multi'
[2021.05.12-10.44.24:477][  0]LogTargetPlatformManager: Display: Loaded TargetPlatform 'Android_MultiClient'
[2021.05.12-10.44.24:499][  0]LogTargetPlatformManager: Display: Loaded TargetPlatform 'IOSClient'
[2021.05.12-10.44.24:499][  0]LogTargetPlatformManager: Display: Loaded TargetPlatform 'IOS'
[2021.05.12-10.44.24:508][  0]LogTargetPlatformManager: Display: Loaded TargetPlatform 'Linux'
[2021.05.12-10.44.24:516][  0]LogTargetPlatformManager: Display: Loaded TargetPlatform 'LinuxNoEditor'
[2021.05.12-10.44.24:525][  0]LogTargetPlatformManager: Display: Loaded TargetPlatform 'LinuxClient'
[2021.05.12-10.44.24:533][  0]LogTargetPlatformManager: Display: Loaded TargetPlatform 'LinuxServer'
[2021.05.12-10.44.24:542][  0]LogTargetPlatformManager: Display: Loaded TargetPlatform 'LinuxAArch64NoEditor'
[2021.05.12-10.44.24:550][  0]LogTargetPlatformManager: Display: Loaded TargetPlatform 'LinuxAArch64Client'
[2021.05.12-10.44.24:559][  0]LogTargetPlatformManager: Display: Loaded TargetPlatform 'LinuxAArch64Server'
[2021.05.12-10.44.24:582][  0]LogTargetPlatformManager: Display: Loaded TargetPlatform 'Lumin'
[2021.05.12-10.44.24:582][  0]LogTargetPlatformManager: Display: Loaded TargetPlatform 'LuminClient'
[2021.05.12-10.44.24:597][  0]LogTargetPlatformManager: Display: Loaded TargetPlatform 'TVOSClient'
[2021.05.12-10.44.24:597][  0]LogTargetPlatformManager: Display: Loaded TargetPlatform 'TVOS'
[2021.05.12-10.44.24:605][  0]LogTargetPlatformManager: Display: Loaded TargetPlatform 'WindowsNoEditor'
[2021.05.12-10.44.24:614][  0]LogTargetPlatformManager: Display: Loaded TargetPlatform 'Windows'
[2021.05.12-10.44.24:623][  0]LogTargetPlatformManager: Display: Loaded TargetPlatform 'WindowsClient'
[2021.05.12-10.44.24:631][  0]LogTargetPlatformManager: Display: Loaded TargetPlatform 'WindowsServer'
[2021.05.12-10.44.24:631][  0]LogTargetPlatformManager: Display: Building Assets For Windows
[2021.05.12-10.44.24:639][  0]LogAudioDebug: Display: Lib vorbis DLL was dynamically loaded.
[2021.05.12-10.44.24:695][  0]LogShaderCompilers: Guid format shader working directory is -18 characters bigger than the processId version (D:/Virtual Work Experiance group 1/Group1projects/Thirdperson version/Intermediate/Shaders/WorkingDirectory/9880/).
[2021.05.12-10.44.24:695][  0]LogShaderCompilers: Cleaned the shader compiler working directory 'C:/Users/ms05254929/AppData/Local/Temp/UnrealShaderWorkingDir/B9CF1FF14295BCCB3229E6913222B543/'.
[2021.05.12-10.44.24:696][  0]LogXGEController: Cannot use XGE Controller as Incredibuild is not installed on this machine.
[2021.05.12-10.44.24:696][  0]LogShaderCompilers: Cannot use XGE Shader Compiler as Incredibuild is not installed on this machine.
[2021.05.12-10.44.24:696][  0]LogShaderCompilers: Display: Using Local Shader Compiler.
[2021.05.12-10.44.25:447][  0]LogDerivedDataCache: Display: Max Cache Size: 512 MB
[2021.05.12-10.44.25:503][  0]LogDerivedDataCache: Loaded boot cache 0.06s 75MB C:/Users/ms05254929/AppData/Local/UnrealEngine/4.25/DerivedDataCache/Boot.ddc.
[2021.05.12-10.44.25:503][  0]LogDerivedDataCache: Display: Loaded Boot cache: C:/Users/ms05254929/AppData/Local/UnrealEngine/4.25/DerivedDataCache/Boot.ddc
[2021.05.12-10.44.25:503][  0]LogDerivedDataCache: FDerivedDataBackendGraph:  Pak pak cache file D:/Virtual Work Experiance group 1/Group1projects/Thirdperson version/DerivedDataCache/DDC.ddp not found, will not use a pak cache.
[2021.05.12-10.44.25:503][  0]LogDerivedDataCache: Unable to find inner node Pak for hierarchical cache Hierarchy.
[2021.05.12-10.44.25:503][  0]LogDerivedDataCache: FDerivedDataBackendGraph:  CompressedPak pak cache file D:/Virtual Work Experiance group 1/Group1projects/Thirdperson version/DerivedDataCache/Compressed.ddp not found, will not use a pak cache.
[2021.05.12-10.44.25:503][  0]LogDerivedDataCache: Unable to find inner node CompressedPak for hierarchical cache Hierarchy.
[2021.05.12-10.44.25:513][  0]LogDerivedDataCache: Display: Pak cache opened for reading ../../../Engine/DerivedDataCache/Compressed.ddp.
[2021.05.12-10.44.25:513][  0]LogDerivedDataCache: FDerivedDataBackendGraph:  EnterprisePak pak cache file ../../../Enterprise/DerivedDataCache/Compressed.ddp not found, will not use a pak cache.
[2021.05.12-10.44.25:513][  0]LogDerivedDataCache: Unable to find inner node EnterprisePak for hierarchical cache Hierarchy.
[2021.05.12-10.44.25:514][  0]LogDerivedDataCache: Using Local data cache path C:/Users/ms05254929/AppData/Local/UnrealEngine/Common/DerivedDataCache: Writable
[2021.05.12-10.44.25:514][  0]LogDerivedDataCache: Shared data cache path not found in *engine.ini, will not use an Shared cache.
[2021.05.12-10.44.25:514][  0]LogDerivedDataCache: Unable to find inner node Shared for hierarchical cache Hierarchy.
[2021.05.12-10.44.25:561][  0]LogSlate: Using FreeType 2.10.0
[2021.05.12-10.44.25:562][  0]LogSlate: SlateFontServices - WITH_FREETYPE: 1, WITH_HARFBUZZ: 1
[2021.05.12-10.44.25:589][  0]LogAssetRegistry: FAssetRegistry took 0.0026 seconds to start up
[2021.05.12-10.44.25:795][  0]LogInit: Selected Device Profile: [Windows]
[2021.05.12-10.44.25:902][  0]LogMeshReduction: Using QuadricMeshReduction for automatic static mesh reduction
[2021.05.12-10.44.25:902][  0]LogMeshReduction: Using SimplygonMeshReduction for automatic skeletal mesh reduction
[2021.05.12-10.44.25:902][  0]LogMeshReduction: Using ProxyLODMeshReduction for automatic mesh merging
[2021.05.12-10.44.25:902][  0]LogMeshReduction: No distributed automatic mesh merging module available
[2021.05.12-10.44.25:902][  0]LogMeshMerging: No distributed automatic mesh merging module available
[2021.05.12-10.44.25:916][  0]LogNetVersion: group1game 1.0.0, NetCL: 13144385, EngineNetVer: 14, GameNetVer: 0 (Checksum: 3838757134)
[2021.05.12-10.44.26:332][  0]LogAISub: UAISubsystem::UAISubsystem AISubsystem (0000021764E09BC0), frame # 0
[2021.05.12-10.44.26:332][  0]LogAISub: UAISubsystem::UAISubsystem AIPerceptionSystem (0000021764C37D80), frame # 0
[2021.05.12-10.44.26:333][  0]LogAISub: UAISubsystem::UAISubsystem EnvQueryManager (0000021764CCDE00), frame # 0
[2021.05.12-10.44.26:380][  0]LogPackageLocalizationCache: Processed 19 localized package path(s) for 1 prioritized culture(s) in 0.041007 seconds
[2021.05.12-10.44.26:384][  0]LogUObjectArray: 15917 objects as part of root set at end of initial load.
[2021.05.12-10.44.26:384][  0]LogUObjectAllocator: 3965568 out of 0 bytes used by permanent object pool.
[2021.05.12-10.44.26:384][  0]LogUObjectArray: CloseDisregardForGC: 0/0 objects in disregard for GC pool
[2021.05.12-10.44.26:718][  0]LogTcpMessaging: Initializing TcpMessaging bridge
[2021.05.12-10.44.26:723][  0]LogUdpMessaging: Initializing bridge on interface 0.0.0.0:0 to multicast group 230.0.0.1:6666.
[2021.05.12-10.44.26:805][  0]SourceControl: Source control is disabled
[2021.05.12-10.44.26:805][  0]SourceControl: Source control is disabled
[2021.05.12-10.44.26:808][  0]SourceControl: Source control is disabled
[2021.05.12-10.44.26:812][  0]SourceControl: Source control is disabled
[2021.05.12-10.44.26:819][  0]SourceControl: Source control is disabled
[2021.05.12-10.44.27:075][  0]LogAndroidPermission: UAndroidPermissionCallbackProxy::GetInstance
[2021.05.12-10.44.27:096][  0]LogAudioCaptureCore: Display: No Audio Capture implementations found. Audio input will be silent.
[2021.05.12-10.44.27:096][  0]LogAudioCaptureCore: Display: No Audio Capture implementations found. Audio input will be silent.
[2021.05.12-10.44.27:143][  0]LogOcInput: OculusInput pre-init called
[2021.05.12-10.44.27:152][  0]LogWindows: Failed to load 'OVRPlugin.dll' (GetLastError=126)
[2021.05.12-10.44.27:152][  0]LogWindows: File 'OVRPlugin.dll' does not exist
[2021.05.12-10.44.27:209][  0]LogEngine: Initializing Engine...
[2021.05.12-10.44.27:210][  0]LogHMD: Failed to initialize OpenVR with code 110
[2021.05.12-10.44.27:210][  0]LogMagicLeap: Warning: VR disabled because ZI is not enabled.  To enable, in the editor, Edit -> Project Settings -> Plugins -> Magic Leap Plugin -> Enable Zero Iteration
[2021.05.12-10.44.27:211][  0]LogStats: UGameplayTagsManager::InitializeManager -  0.000 s
[2021.05.12-10.44.27:318][  0]LogInit: Initializing FReadOnlyCVARCache
[2021.05.12-10.44.27:326][  0]LogAIModule: Creating AISystem for world Untitled
[2021.05.12-10.44.27:326][  0]LogAISub: UAISubsystem::UAISubsystem EnvQueryManager (000002176A428600), frame # 0
[2021.05.12-10.44.27:326][  0]LogAISub: UAISubsystem::UAISubsystem AIPerceptionSystem (000002176A3EF380), frame # 0
[2021.05.12-10.44.27:344][  0]LogAudioMixer: Display: Audio Mixer Platform Settings:
[2021.05.12-10.44.27:344][  0]LogAudioMixer: Display: 	Sample Rate:						  48000
[2021.05.12-10.44.27:344][  0]LogAudioMixer: Display: 	Callback Buffer Frame Size Requested: 1024
[2021.05.12-10.44.27:344][  0]LogAudioMixer: Display: 	Callback Buffer Frame Size To Use:	  1024
[2021.05.12-10.44.27:344][  0]LogAudioMixer: Display: 	Number of buffers to queue:			  2
[2021.05.12-10.44.27:344][  0]LogAudioMixer: Display: 	Max Channels (voices):				  32
[2021.05.12-10.44.27:344][  0]LogAudioMixer: Display: 	Number of Async Source Workers:		  0
[2021.05.12-10.44.27:344][  0]LogAudio: Display: AudioDevice MaxSources: 32
[2021.05.12-10.44.27:345][  0]LogAudio: Display: Using built-in audio occlusion.
[2021.05.12-10.44.27:345][  0]LogAudioMixer: Display: Initializing audio mixer.
[2021.05.12-10.44.27:351][  0]LogAudioMixer: Display: Using Audio Device Unknown
[2021.05.12-10.44.27:354][  0]LogAudioMixer: Display: Initializing Sound Submixes...
[2021.05.12-10.44.27:356][  0]LogAudioMixer: Display: Creating Master Submix 'MasterSubmixDefault'
[2021.05.12-10.44.27:356][  0]LogAudioMixer: Display: Creating Master Submix 'MasterReverbSubmixDefault'
[2021.05.12-10.44.27:357][  0]LogAudioMixer: Display: Creating Master Submix 'MasterEQSubmixDefault'
[2021.05.12-10.44.27:359][  0]LogInit: FAudioDevice initialized.
[2021.05.12-10.44.27:359][  0]LogNetVersion: Set ProjectVersion to 1.0.0.0. Version Checksum will be recalculated on next use.
[2021.05.12-10.44.27:430][  0]LogDerivedDataCache: Saved boot cache 0.07s 75MB C:/Users/ms05254929/AppData/Local/UnrealEngine/4.25/DerivedDataCache/Boot.ddc.
[2021.05.12-10.44.27:431][  0]LogInit: Texture streaming: Enabled
[2021.05.12-10.44.27:447][  0]LogEngineSessionManager: EngineSessionManager initialized
[2021.05.12-10.44.27:447][  0]LogEditorSessionSummary: Verbose: Initializing EditorSessionSummaryWriter for editor session tracking
[2021.05.12-10.44.27:454][  0]LogEditorSessionSummary: EditorSessionSummaryWriter initialized
[2021.05.12-10.44.27:495][  0]LogInit: Transaction tracking system initialized
[2021.05.12-10.44.27:515][  0]BlueprintLog: New page: Editor Load
[2021.05.12-10.44.27:580][  0]LocalizationService: Localization service is disabled
[2021.05.12-10.44.27:714][  0]LogCook: Display: Max memory allowance for cook 16384mb min free memory 0mb
[2021.05.12-10.44.27:714][  0]LogCook: Display: Mobile HDR setting 1
[2021.05.12-10.44.27:841][  0]LogFileCache: Scanning file cache for directory 'D:/Virtual Work Experiance group 1/Group1projects/Thirdperson version/Content/' took 0.00s
[2021.05.12-10.44.28:076][  0]SourceControl: Source control is disabled
[2021.05.12-10.44.28:076][  0]LogUnrealEdMisc: Loading editor; pre map load, took 6.291
[2021.05.12-10.44.28:076][  0]Cmd: MAP LOAD FILE="D:/Virtual Work Experiance group 1/Group1projects/Thirdperson version/Content/ThirdPersonBP/Maps/ThirdPersonExampleMap.umap" TEMPLATE=0 SHOWPROGRESS=1 FEATURELEVEL=3
[2021.05.12-10.44.28:077][  0]LightingResults: New page: Lighting Build
[2021.05.12-10.44.28:106][  0]LogWorld: UWorld::CleanupWorld for Untitled, bSessionEnded=true, bCleanupResources=true
[2021.05.12-10.44.28:106][  0]LogSlate: InvalidateAllWidgets triggered.  All widgets were invalidated
[2021.05.12-10.44.28:106][  0]MapCheck: New page: Map Check
[2021.05.12-10.44.28:106][  0]LightingResults: New page: Lighting Build
[2021.05.12-10.44.28:119][  0]LogAISub: UAISubsystem::~UAISubsystem EnvQueryManager (000002176A428600), frame # 0
[2021.05.12-10.44.28:119][  0]LogAISub: UAISubsystem::~UAISubsystem AIPerceptionSystem (000002176A3EF380), frame # 0
[2021.05.12-10.44.28:120][  0]LogUObjectHash: Compacting FUObjectHashTables data took   0.68ms
[2021.05.12-10.44.28:461][  0]LogAIModule: Creating AISystem for world ThirdPersonExampleMap
[2021.05.12-10.44.28:461][  0]LogAISub: UAISubsystem::UAISubsystem EnvQueryManager (0000021773714A00), frame # 0
[2021.05.12-10.44.28:461][  0]LogAISub: UAISubsystem::UAISubsystem AIPerceptionSystem (000002177371E700), frame # 0
[2021.05.12-10.44.28:470][  0]LogEditorServer: Finished looking for orphan Actors (0.000 secs)
[2021.05.12-10.44.28:483][  0]LogUObjectHash: Compacting FUObjectHashTables data took   1.20ms
[2021.05.12-10.44.28:483][  0]Cmd: MAP CHECKDEP NOCLEARLOG
[2021.05.12-10.44.28:484][  0]MapCheck: Map check complete: 0 Error(s), 0 Warning(s), took 0.152ms to complete.
[2021.05.12-10.44.28:484][  0]LogFileHelpers: Loading map 'ThirdPersonExampleMap' took 0.407
[2021.05.12-10.44.28:486][  0]LogUnrealEdMisc: Total Editor Startup Time, took 6.700
[2021.05.12-10.44.28:621][  0]LogSlate: Updating window title bar state: overlay mode, drag disabled, window buttons hidden, title bar hidden
[2021.05.12-10.44.28:627][  0]LogSlate: Updating window title bar state: overlay mode, drag disabled, window buttons hidden, title bar hidden
[2021.05.12-10.44.28:633][  0]LogSlate: Updating window title bar state: overlay mode, drag disabled, window buttons hidden, title bar hidden
[2021.05.12-10.44.28:639][  0]LogSlate: Updating window title bar state: overlay mode, drag disabled, window buttons hidden, title bar hidden
[2021.05.12-10.44.28:648][  0]LogCollectionManager: Loaded 0 collections in 0.001396 seconds
[2021.05.12-10.44.28:659][  0]LogFileCache: Scanning file cache for directory 'D:/Virtual Work Experiance group 1/Group1projects/Thirdperson version/Saved/Collections/' took 0.00s
[2021.05.12-10.44.28:659][  0]LogFileCache: Scanning file cache for directory 'D:/Virtual Work Experiance group 1/Group1projects/Thirdperson version/Content/Developers/ms05254929/Collections/' took 0.00s
[2021.05.12-10.44.28:659][  0]LogFileCache: Scanning file cache for directory 'D:/Virtual Work Experiance group 1/Group1projects/Thirdperson version/Content/Collections/' took 0.00s
[2021.05.12-10.44.28:659][  0]LogContentBrowser: Native class hierarchy populated in 0.0077 seconds. Added 3427 classes and 821 folders.
[2021.05.12-10.44.28:661][  0]LogContentBrowser: Native class hierarchy updated for 'WidgetCarousel' in 0.0002 seconds. Added 0 classes and 0 folders.
[2021.05.12-10.44.28:713][  0]LogContentBrowser: Native class hierarchy updated for 'AddContentDialog' in 0.0002 seconds. Added 0 classes and 0 folders.
[2021.05.12-10.44.28:714][  0]LogContentBrowser: Native class hierarchy updated for 'SceneOutliner' in 0.0002 seconds. Added 2 classes and 0 folders.
[2021.05.12-10.44.28:855][  0]LogSlate: Window 'Tutorials' being destroyed
[2021.05.12-10.44.28:865][  0]LogContentBrowser: Native class hierarchy updated for 'HierarchicalLODOutliner' in 0.0002 seconds. Added 0 classes and 0 folders.
[2021.05.12-10.44.28:865][  0]LogLoad: (Engine Initialization) Total time: 7.08 seconds
[2021.05.12-10.44.28:865][  0]LogLoad: (Engine Initialization) Total Blueprint compile time: 0.00 seconds
[2021.05.12-10.44.28:897][  0]LogAssetRegistry: Asset discovery search completed in 3.3090 seconds
[2021.05.12-10.44.28:901][  0]LogCollectionManager: Fixed up redirectors for 0 collections in 0.000002 seconds (updated 0 objects)
[2021.05.12-10.44.28:902][  0]LogContentStreaming: Texture pool size now 1000 MB
[2021.05.12-10.44.28:908][  0]LogSlate: Took 0.000311 seconds to synchronously load lazily loaded font '../../../Engine/Content/Slate/Fonts/Roboto-Regular.ttf' (155K)
[2021.05.12-10.44.28:909][  0]LogSlate: Took 0.000244 seconds to synchronously load lazily loaded font '../../../Engine/Content/Slate/Fonts/Roboto-Bold.ttf' (160K)
[2021.05.12-10.44.28:913][  0]LogSlate: Took 0.000273 seconds to synchronously load lazily loaded font '../../../Engine/Content/Editor/Slate/Fonts/FontAwesome.ttf' (139K)
[2021.05.12-10.44.28:982][  0]LogSlate: Took 0.000205 seconds to synchronously load lazily loaded font '../../../Engine/Content/Slate/Fonts/Roboto-Light.ttf' (167K)
[2021.05.12-10.44.29:016][  2]LogRenderer: Reallocating scene render targets to support 804x360 Format 10 NumSamples 1 (Frame:1).
[2021.05.12-10.44.29:888][ 93]LogSlate: Took 0.000454 seconds to synchronously load lazily loaded font '../../../Engine/Content/Slate/Fonts/Roboto-Light.ttf' (167K)
[2021.05.12-10.44.32:655][373]LogSlate: Window 'Message Log' being destroyed
[2021.05.12-10.44.32:659][373]LogSlate: Window 'Message Log' being destroyed
[2021.05.12-10.44.35:677][724]LogRenderer: Reallocating scene render targets to support 1208x572 Format 10 NumSamples 1 (Frame:695).
[2021.05.12-10.44.52:423][699]Cmd: BRUSH ADD SELECTNEWBRUSH
[2021.05.12-10.45.04:744][134]Cmd: TRANSACTION UNDO
[2021.05.12-10.45.04:744][134]LogEditorTransaction: Undo Set Location
[2021.05.12-10.46.53:503][ 27]LogWindows: Warning: CreateProc failed: The system cannot find the file specified. (0x00000002)
[2021.05.12-10.46.53:503][ 27]LogWindows: Warning: URL: C:/Program Files/Git/bin/git.exe version
[2021.05.12-10.46.53:503][ 27]LogWindows: Warning: CreateProc failed: The system cannot find the file specified. (0x00000002)
[2021.05.12-10.46.53:503][ 27]LogWindows: Warning: URL: C:/Program Files (x86)/Git/bin/git.exe version
[2021.05.12-10.46.58:981][612]LogSlate: Window 'Source Control Login' being destroyed
[2021.05.12-10.54.28:732][471]LogUObjectHash: Compacting FUObjectHashTables data took   0.67ms
[2021.05.12-10.54.29:341][471]LogSavePackage: Moving 'D:/Virtual Work Experiance group 1/Group1projects/Thirdperson version/Saved/ThirdPersonExampleMap_Auto16F9850D240F3BA3C59D7318F0FCA5345.tmp' to 'D:/Virtual Work Experiance group 1/Group1projects/Thirdperson version/Saved/Autosaves/Game/ThirdPersonBP/Maps/ThirdPersonExampleMap_Auto1.umap'
[2021.05.12-10.54.29:343][471]LogFileHelpers: Editor autosave (incl. sublevels) for '/Game/ThirdPersonBP/Maps/ThirdPersonExampleMap' took 0.620
[2021.05.12-10.54.29:343][471]LogFileHelpers: Editor autosave (incl. sublevels) for all levels took 0.620
[2021.05.12-11.11.24:652][288]LogTemp: Repeating last play command: Selected Viewport
[2021.05.12-11.11.24:663][288]LogPlayLevel: PlayLevel: No blueprints needed recompiling
[2021.05.12-11.11.24:664][288]PIE: New page: PIE session: ThirdPersonExampleMap (12 May 2021, 13:11:24)
[2021.05.12-11.11.24:665][288]LogOnline: OSS: Creating online subsystem instance for: NULL
[2021.05.12-11.11.24:666][288]LogOnline: OSS: TryLoadSubsystemAndSetDefault: Loaded subsystem for module [NULL]
[2021.05.12-11.11.24:666][288]LogPlayLevel: Creating play world package: /Game/ThirdPersonBP/Maps/UEDPIE_0_ThirdPersonExampleMap
[2021.05.12-11.11.24:680][288]LogPlayLevel: PIE: StaticDuplicateObject took: (0.013621s)
[2021.05.12-11.11.24:681][288]LogAIModule: Creating AISystem for world ThirdPersonExampleMap
[2021.05.12-11.11.24:681][288]LogAISub: UAISubsystem::UAISubsystem EnvQueryManager (0000021701FDA200), frame # 193288
[2021.05.12-11.11.24:681][288]LogAISub: UAISubsystem::UAISubsystem AIPerceptionSystem (0000021700E02C00), frame # 193288
[2021.05.12-11.11.24:681][288]LogPlayLevel: PIE: World Init took: (0.001340s)
[2021.05.12-11.11.24:681][288]LogPlayLevel: PIE: Created PIE world by copying editor world from /Game/ThirdPersonBP/Maps/ThirdPersonExampleMap.ThirdPersonExampleMap to /Game/ThirdPersonBP/Maps/UEDPIE_0_ThirdPersonExampleMap.ThirdPersonExampleMap (0.015125s)
[2021.05.12-11.11.24:691][288]LogUObjectHash: Compacting FUObjectHashTables data took   0.71ms
[2021.05.12-11.11.24:694][288]LogAudioMixer: Display: Audio Mixer Platform Settings:
[2021.05.12-11.11.24:694][288]LogAudioMixer: Display: 	Sample Rate:						  48000
[2021.05.12-11.11.24:694][288]LogAudioMixer: Display: 	Callback Buffer Frame Size Requested: 1024
[2021.05.12-11.11.24:694][288]LogAudioMixer: Display: 	Callback Buffer Frame Size To Use:	  1024
[2021.05.12-11.11.24:694][288]LogAudioMixer: Display: 	Number of buffers to queue:			  2
[2021.05.12-11.11.24:694][288]LogAudioMixer: Display: 	Max Channels (voices):				  32
[2021.05.12-11.11.24:694][288]LogAudioMixer: Display: 	Number of Async Source Workers:		  0
[2021.05.12-11.11.24:694][288]LogAudio: Display: AudioDevice MaxSources: 32
[2021.05.12-11.11.24:694][288]LogAudio: Display: Using built-in audio occlusion.
[2021.05.12-11.11.24:694][288]LogAudioMixer: Display: Initializing audio mixer.
[2021.05.12-11.11.24:696][288]LogAudioMixer: Display: Using Audio Device Unknown
[2021.05.12-11.11.24:696][288]LogAudioMixer: Display: Initializing Sound Submixes...
[2021.05.12-11.11.24:696][288]LogAudioMixer: Display: Creating Master Submix 'MasterSubmixDefault'
[2021.05.12-11.11.24:696][288]LogAudioMixer: Display: Creating Master Submix 'MasterReverbSubmixDefault'
[2021.05.12-11.11.24:696][288]LogAudioMixer: Display: Creating Master Submix 'MasterEQSubmixDefault'
[2021.05.12-11.11.24:698][288]LogInit: FAudioDevice initialized.
[2021.05.12-11.11.24:707][288]LogLoad: Game class is 'ThirdPersonGameMode_C'
[2021.05.12-11.11.24:711][288]LogWorld: Bringing World /Game/ThirdPersonBP/Maps/UEDPIE_0_ThirdPersonExampleMap.ThirdPersonExampleMap up for play (max tick rate 0) at 2021.05.12-12.11.24
[2021.05.12-11.11.24:713][288]LogWorld: Bringing up level for play took: 0.004757
[2021.05.12-11.11.24:713][288]LogOnline: OSS: Creating online subsystem instance for: :Context_1
[2021.05.12-11.11.24:717][288]LogContentBrowser: Native class hierarchy updated for 'MovieSceneCapture' in 0.0003 seconds. Added 20 classes and 0 folders.
[2021.05.12-11.11.24:718][288]PIE: Server logged in
[2021.05.12-11.11.24:721][288]PIE: Play in editor total start time 0.06 seconds.
[2021.05.12-11.11.46:847][928]LogSlate: Updating window title bar state: overlay mode, drag disabled, window buttons hidden, title bar hidden
[2021.05.12-11.11.46:848][928]LogWorld: BeginTearingDown for /Game/ThirdPersonBP/Maps/UEDPIE_0_ThirdPersonExampleMap
[2021.05.12-11.11.46:848][928]LogWorld: UWorld::CleanupWorld for ThirdPersonExampleMap, bSessionEnded=true, bCleanupResources=true
[2021.05.12-11.11.46:848][928]LogSlate: InvalidateAllWidgets triggered.  All widgets were invalidated
[2021.05.12-11.11.46:856][928]LogPlayLevel: Display: Shutting down PIE online subsystems
[2021.05.12-11.11.46:858][928]LogSlate: InvalidateAllWidgets triggered.  All widgets were invalidated
[2021.05.12-11.11.46:868][928]LogSlate: Updating window title bar state: overlay mode, drag disabled, window buttons hidden, title bar hidden
[2021.05.12-11.11.46:885][928]LogAISub: UAISubsystem::~UAISubsystem AIPerceptionSystem (0000021700E02C00), frame # 195928
[2021.05.12-11.11.46:885][928]LogAISub: UAISubsystem::~UAISubsystem EnvQueryManager (0000021701FDA200), frame # 195928
[2021.05.12-11.11.46:886][928]LogUObjectHash: Compacting FUObjectHashTables data took   0.68ms
[2021.05.12-11.11.46:908][929]LogPlayLevel: Display: Destroying online subsystem :Context_1
[2021.05.12-11.41.18:685][468]Cmd: DUPLICATE
[2021.05.12-11.41.18:685][468]Cmd: ACTOR DUPLICATE
[2021.05.12-11.42.35:705][896]LogUObjectHash: Compacting FUObjectHashTables data took   0.71ms
[2021.05.12-11.42.35:740][896]LogSavePackage: Moving 'D:/Virtual Work Experiance group 1/Group1projects/Thirdperson version/Saved/ThirdPersonExampleMap_Auto222377AEB48B91E0BFF5014AE4CBC81A9.tmp' to 'D:/Virtual Work Experiance group 1/Group1projects/Thirdperson version/Saved/Autosaves/Game/ThirdPersonBP/Maps/ThirdPersonExampleMap_Auto2.umap'
[2021.05.12-11.42.35:742][896]LogFileHelpers: Editor autosave (incl. sublevels) for '/Game/ThirdPersonBP/Maps/ThirdPersonExampleMap' took 0.046
[2021.05.12-11.42.35:742][896]LogFileHelpers: Editor autosave (incl. sublevels) for all levels took 0.046
[2021.05.12-11.45.51:492][453]Cmd: DUPLICATE
[2021.05.12-11.45.51:492][453]Cmd: ACTOR DUPLICATE
[2021.05.12-11.45.57:544][172]Cmd: DUPLICATE
[2021.05.12-11.45.57:544][172]Cmd: ACTOR DUPLICATE
[2021.05.12-11.46.58:666][474]Cmd: DUPLICATE
[2021.05.12-11.46.58:666][474]Cmd: ACTOR DUPLICATE
[2021.05.12-11.47.09:394][746]Cmd: CAMERA ALIGN ACTIVEVIEWPORTONLY
[2021.05.12-11.52.36:391][357]LogUObjectHash: Compacting FUObjectHashTables data took   0.69ms
[2021.05.12-11.52.36:432][357]LogSavePackage: Moving 'D:/Virtual Work Experiance group 1/Group1projects/Thirdperson version/Saved/ThirdPersonExampleMap_Auto3B848591A4FE944DC1370FE8350A00A98.tmp' to 'D:/Virtual Work Experiance group 1/Group1projects/Thirdperson version/Saved/Autosaves/Game/ThirdPersonBP/Maps/ThirdPersonExampleMap_Auto3.umap'
[2021.05.12-11.52.36:434][357]LogFileHelpers: Editor autosave (incl. sublevels) for '/Game/ThirdPersonBP/Maps/ThirdPersonExampleMap' took 0.051
[2021.05.12-11.52.36:434][357]LogFileHelpers: Editor autosave (incl. sublevels) for all levels took 0.051
[2021.05.12-11.57.19:309][686]LogFactory: FactoryCreateFile: StaticMesh with FbxFactory (0 0 D:/Virtual Work Experiance group 1/wallcurved.fbx)
[2021.05.12-11.57.19:330][686]LogFbx: Loading FBX Scene from D:/Virtual Work Experiance group 1/wallcurved.fbx
[2021.05.12-11.57.19:336][686]LogFbx: FBX Scene Loaded Succesfully
[2021.05.12-11.57.21:658][686]LogSlate: Window 'FBX Import Options' being destroyed
[2021.05.12-11.57.21:797][686]LogFbx: Display: Triangulating static mesh pCube1
[2021.05.12-11.57.21:821][686]LogStaticMesh: Building static mesh wallcurved...
[2021.05.12-11.57.21:828][686]LogStaticMesh: Built static mesh [0.01s] /Game/assets/wallcurved.wallcurved
[2021.05.12-11.57.21:832][686]FBXImport: Warning: No smoothing group information was found in this FBX scene.  Please make sure to enable the 'Export Smoothing Groups' option in the FBX Exporter plug-in before exporting the file.  Even for tools that don't support smoothing groups, the FBX Exporter will generate appropriate smoothing data at export-time so that correct vertex normals can be inferred while importing. 
[2021.05.12-11.57.21:921][686]LogSlate: Took 0.001579 seconds to synchronously load lazily loaded font '../../../Engine/Content/Slate/Fonts/DroidSansMono.ttf' (77K)
[2021.05.12-11.57.25:827][111]LogSlate: Window 'Message Log' being destroyed
[2021.05.12-11.57.25:830][111]LogSlate: Window 'Message Log' being destroyed
[2021.05.12-11.57.27:945][329]LogActorFactory: Actor Factory created wallcurved
[2021.05.12-11.57.29:082][464]LogActorFactory: Actor Factory created wallcurved
[2021.05.12-11.57.36:654][364]Cmd: DELETE
[2021.05.12-11.57.36:654][364]Cmd: ACTOR DELETE
[2021.05.12-11.57.36:659][364]LogEditorActor: Deleted Actor: StaticMeshActor
[2021.05.12-11.57.36:668][364]LogUObjectHash: Compacting FUObjectHashTables data took   0.62ms
[2021.05.12-11.57.36:670][364]LogEditorActor: Deleted 1 Actors (0.016 secs)
[2021.05.12-11.58.16:438][158]LogEditorFactories: Performing atomic reimport of [D:/Virtual Work Experiance group 1/wallcurved.fbx]
[2021.05.12-11.58.16:477][158]LogFbx: Loading FBX Scene from D:/Virtual Work Experiance group 1/wallcurved.fbx
[2021.05.12-11.58.16:482][158]LogFbx: FBX Scene Loaded Succesfully
[2021.05.12-11.58.16:487][158]LogFbx: Display: Triangulating static mesh pCube1
[2021.05.12-11.58.16:512][158]LogStaticMesh: Building static mesh wallcurved...
[2021.05.12-11.58.16:516][158]LogStaticMesh: Built static mesh [0.00s] /Game/assets/wallcurved.wallcurved
[2021.05.12-11.58.16:522][158]LogEditorFactories: -- imported successfully
[2021.05.12-11.58.16:525][158]FBXImport: Warning: No smoothing group information was found in this FBX scene.  Please make sure to enable the 'Export Smoothing Groups' option in the FBX Exporter plug-in before exporting the file.  Even for tools that don't support smoothing groups, the FBX Exporter will generate appropriate smoothing data at export-time so that correct vertex normals can be inferred while importing. 
[2021.05.12-11.58.49:432][943]LogSlate: Took 0.001778 seconds to synchronously load lazily loaded font '../../../Engine/Content/Slate/Fonts/Roboto-Italic.ttf' (157K)
[2021.05.12-11.58.55:498][627]Cmd: DELETE
[2021.05.12-11.58.55:498][627]Cmd: ACTOR DELETE
[2021.05.12-11.58.55:502][627]LogEditorActor: Deleted Actor: Actor
[2021.05.12-11.58.55:511][627]LogUObjectHash: Compacting FUObjectHashTables data took   0.69ms
[2021.05.12-11.58.55:513][627]LogEditorActor: Deleted 1 Actors (0.015 secs)
[2021.05.12-11.59.12:481][263]LogSlate: Window 'Pick Parent Class' being destroyed
[2021.05.12-11.59.18:069][895]LogAssetEditorSubsystem: Opening Asset editor for Blueprint /Game/assets/wall.wall
[2021.05.12-11.59.18:256][895]LogContentBrowser: Native class hierarchy updated for 'BlueprintGraph' in 0.0005 seconds. Added 125 classes and 0 folders.
[2021.05.12-11.59.55:761][670]BlueprintLog: New page: Compile wall
[2021.05.12-11.59.55:819][670]LogUObjectHash: Compacting FUObjectHashTables data took   3.23ms
[2021.05.12-12.00.02:896][461]Cmd: CAMERA ALIGN ACTIVEVIEWPORTONLY
[2021.05.12-12.00.07:160][971]LogPhysics: Warning: Scale for /Game/ThirdPersonBP/Maps/ThirdPersonExampleMap.ThirdPersonExampleMap:PersistentLevel.wall_2.StaticMesh has a component set to zero, which will result in a bad body instance. Scale:X=0.000 Y=0.000 Z=0.000
[2021.05.12-12.00.07:160][971]LogPhysics: Warning: Initialising Body : Scale3D is (nearly) zero: Component: '/Game/ThirdPersonBP/Maps/ThirdPersonExampleMap.ThirdPersonExampleMap:PersistentLevel.wall_2.StaticMesh' 
[2021.05.12-12.00.07:160][971]LogPhysics: Warning: Scale for /Game/ThirdPersonBP/Maps/ThirdPersonExampleMap.ThirdPersonExampleMap:PersistentLevel.wall_2.StaticMesh has a component set to zero, which will result in a bad body instance. Scale:X=0.000 Y=0.000 Z=0.000
[2021.05.12-12.00.07:160][971]LogPhysics: Warning: Initialising Body : Scale3D is (nearly) zero: Component: '/Game/ThirdPersonBP/Maps/ThirdPersonExampleMap.ThirdPersonExampleMap:PersistentLevel.wall_2.StaticMesh' 
[2021.05.12-12.00.07:160][971]LogPhysics: Warning: Scale for /Game/ThirdPersonBP/Maps/ThirdPersonExampleMap.ThirdPersonExampleMap:PersistentLevel.wall_2.StaticMesh has a component set to zero, which will result in a bad body instance. Scale:X=0.000 Y=0.000 Z=0.000
[2021.05.12-12.00.07:160][971]LogPhysics: Warning: Initialising Body : Scale3D is (nearly) zero: Component: '/Game/ThirdPersonBP/Maps/ThirdPersonExampleMap.ThirdPersonExampleMap:PersistentLevel.wall_2.StaticMesh' 
[2021.05.12-12.00.51:339][219]Cmd: DUPLICATE
[2021.05.12-12.00.51:339][219]Cmd: ACTOR DUPLICATE
[2021.05.12-12.01.21:075][759]LogEditorViewport: Clicking on Actor (LMB): wall_C (wall2)
[2021.05.12-12.01.32:708][150]LogEditorViewport: Clicking on Actor (LMB): BP_Sky_Sphere_C (SkySphereBlueprint)
[2021.05.12-12.01.36:079][551]LogEditorViewport: Clicking on Actor (LMB): wall_C (wall2)
[2021.05.12-12.01.50:561][284]Cmd: DUPLICATE
[2021.05.12-12.01.50:561][284]Cmd: ACTOR DUPLICATE
[2021.05.12-12.02.30:196][984]Cmd: DELETE
[2021.05.12-12.02.30:196][984]Cmd: ACTOR DELETE
[2021.05.12-12.02.30:201][984]LogEditorActor: Deleted Actor: wall_C
[2021.05.12-12.02.30:233][984]LogUObjectHash: Compacting FUObjectHashTables data took   2.74ms
[2021.05.12-12.02.30:238][984]LogEditorActor: Deleted 1 Actors (0.042 secs)
[2021.05.12-12.02.31:220][102]LogEditorViewport: Clicking on Actor (LMB): wall_C (wall3)
[2021.05.12-12.02.32:133][209]Cmd: DUPLICATE
[2021.05.12-12.02.32:133][209]Cmd: ACTOR DUPLICATE
[2021.05.12-12.03.24:745][436]Cmd: DUPLICATE
[2021.05.12-12.03.24:745][436]Cmd: ACTOR DUPLICATE
[2021.05.12-12.03.38:993][132]LogEditorViewport: Clicking on Actor (LMB): BP_Sky_Sphere_C (SkySphereBlueprint)
[2021.05.12-12.03.44:140][731]Cmd: BRUSH ADD SELECTNEWBRUSH
[2021.05.12-12.03.48:116][205]Cmd: CAMERA ALIGN ACTIVEVIEWPORTONLY
[2021.05.12-12.04.43:684][780]LogUObjectHash: Compacting FUObjectHashTables data took   1.95ms
[2021.05.12-12.04.43:745][780]LogSavePackage: Moving 'D:/Virtual Work Experiance group 1/Group1projects/Thirdperson version/Saved/ThirdPersonExampleMap_Auto4D9F328364B0940888E83298FBCF255C7.tmp' to 'D:/Virtual Work Experiance group 1/Group1projects/Thirdperson version/Saved/Autosaves/Game/ThirdPersonBP/Maps/ThirdPersonExampleMap_Auto4.umap'
[2021.05.12-12.04.43:747][780]LogFileHelpers: Editor autosave (incl. sublevels) for '/Game/ThirdPersonBP/Maps/ThirdPersonExampleMap' took 0.086
[2021.05.12-12.04.43:747][780]LogFileHelpers: Editor autosave (incl. sublevels) for all levels took 0.086
[2021.05.12-12.04.43:748][780]OBJ SavePackage: Generating thumbnails for [1] asset(s) in package [/Game/assets/wallcurved] ([1] browsable assets)...
[2021.05.12-12.04.43:760][780]OBJ SavePackage:     Rendered thumbnail for [StaticMesh /Game/assets/wallcurved.wallcurved]
[2021.05.12-12.04.43:760][780]OBJ SavePackage: Finished generating thumbnails for package [/Game/assets/wallcurved]
[2021.05.12-12.04.43:768][780]LogSavePackage: Moving 'D:/Virtual Work Experiance group 1/Group1projects/Thirdperson version/Saved/wallcurved_Auto42979A82D4F85407944B24EABF755DD23.tmp' to 'D:/Virtual Work Experiance group 1/Group1projects/Thirdperson version/Saved/Autosaves/Game/assets/wallcurved_Auto4.uasset'
[2021.05.12-12.04.43:769][780]OBJ SavePackage: Generating thumbnails for [1] asset(s) in package [/Game/assets/wall] ([1] browsable assets)...
[2021.05.12-12.04.43:777][780]OBJ SavePackage:     Rendered thumbnail for [Blueprint /Game/assets/wall.wall]
[2021.05.12-12.04.43:777][780]OBJ SavePackage: Finished generating thumbnails for package [/Game/assets/wall]
[2021.05.12-12.04.43:777][780]Cmd: OBJ SAVEPACKAGE PACKAGE="/Game/assets/wall" FILE="D:/Virtual Work Experiance group 1/Group1projects/Thirdperson version/Saved/Autosaves/Game/assets/wall_Auto4.uasset" SILENT=false AUTOSAVING=true
[2021.05.12-12.04.43:784][780]LogSavePackage: Moving 'D:/Virtual Work Experiance group 1/Group1projects/Thirdperson version/Saved/wall_Auto43AD3955A4A374A08FBCB9D99BCE324C5.tmp' to 'D:/Virtual Work Experiance group 1/Group1projects/Thirdperson version/Saved/Autosaves/Game/assets/wall_Auto4.uasset'
[2021.05.12-12.04.43:785][780]LogFileHelpers: Auto-saving content packages took 0.037
[2021.05.12-12.10.57:044][508]LogEditorViewport: Clicking on Actor (LMB): wall_C (wall5)
[2021.05.12-12.10.58:958][731]LogEditorViewport: Clicking on Actor (LMB): wall_C (wall5)
[2021.05.12-12.11.24:002][698]Cmd: DUPLICATE
[2021.05.12-12.11.24:002][698]Cmd: ACTOR DUPLICATE
[2021.05.12-12.11.32:598][705]Cmd: DUPLICATE
[2021.05.12-12.11.32:598][705]Cmd: ACTOR DUPLICATE
[2021.05.12-12.12.11:243][310]Cmd: DUPLICATE
[2021.05.12-12.12.11:243][310]Cmd: ACTOR DUPLICATE
[2021.05.12-12.12.21:631][529]Cmd: DUPLICATE
[2021.05.12-12.12.21:631][529]Cmd: ACTOR DUPLICATE
[2021.05.12-12.12.47:753][628]Cmd: DUPLICATE
[2021.05.12-12.12.47:753][628]Cmd: ACTOR DUPLICATE
[2021.05.12-12.12.51:999][126]Cmd: CAMERA ALIGN ACTIVEVIEWPORTONLY
[2021.05.12-12.14.03:768][724]LogEditorViewport: Clicking on Actor (LMB): wall_C (wall)
[2021.05.12-12.14.08:432][280]LogEditorViewport: Clicking on Actor (LMB): wall_C (wall5)
[2021.05.12-12.14.09:553][412]Cmd: DUPLICATE
[2021.05.12-12.14.09:553][412]Cmd: ACTOR DUPLICATE
[2021.05.12-12.14.41:243][186]Cmd: CAMERA ALIGN ACTIVEVIEWPORTONLY
[2021.05.12-12.14.54:018][697]Cmd: DUPLICATE
[2021.05.12-12.14.54:018][697]Cmd: ACTOR DUPLICATE
[2021.05.12-12.15.11:588][782]LogEditorViewport: Clicking on Actor (LMB): wall_C (wall6)
[2021.05.12-12.15.46:456][921]LogEditorViewport: Clicking on Actor (LMB): wall_C (wall4)
[2021.05.12-12.15.47:749][ 73]Cmd: DUPLICATE
[2021.05.12-12.15.47:749][ 73]Cmd: ACTOR DUPLICATE
[2021.05.12-12.15.57:099][184]Cmd: DUPLICATE
[2021.05.12-12.15.57:099][184]Cmd: ACTOR DUPLICATE
[2021.05.12-12.16.14:078][178]LogEditorViewport: Clicking on Actor (LMB): wall_C (wall3)
[2021.05.12-12.16.21:310][ 38]LogEditorViewport: Clicking on Actor (LMB): wall_C (wall2)
[2021.05.12-12.16.22:522][181]Cmd: DELETE
[2021.05.12-12.16.22:522][181]Cmd: ACTOR DELETE
[2021.05.12-12.16.22:536][181]LogEditorActor: Deleted Actor: wall_C
[2021.05.12-12.16.22:567][181]LogUObjectHash: Compacting FUObjectHashTables data took   2.29ms
[2021.05.12-12.16.22:570][181]LogEditorActor: Deleted 1 Actors (0.048 secs)
[2021.05.12-12.16.23:468][288]LogEditorViewport: Clicking on Actor (double click): wall_C (wall)
[2021.05.12-12.16.29:099][962]Cmd: DUPLICATE
[2021.05.12-12.16.29:100][962]Cmd: ACTOR DUPLICATE
[2021.05.12-12.16.54:973][  4]Cmd: TRANSACTION UNDO
[2021.05.12-12.16.54:973][  4]LogEditorTransaction: Undo Set Scale
[2021.05.12-12.17.02:902][898]Cmd: TRANSACTION UNDO
[2021.05.12-12.17.02:902][898]LogEditorTransaction: Undo Set Scale
[2021.05.12-12.17.10:277][731]Cmd: DELETE
[2021.05.12-12.17.10:277][731]Cmd: ACTOR DELETE
[2021.05.12-12.17.10:290][731]LogEditorActor: Deleted Actor: wall_C
[2021.05.12-12.17.10:312][731]LogUObjectHash: Compacting FUObjectHashTables data took   1.79ms
[2021.05.12-12.17.10:315][731]LogEditorActor: Deleted 1 Actors (0.037 secs)
[2021.05.12-12.17.10:938][806]LogEditorViewport: Clicking on Actor (LMB): wall_C (wall)
[2021.05.12-12.17.14:376][216]Cmd: DUPLICATE
[2021.05.12-12.17.14:376][216]Cmd: ACTOR DUPLICATE
[2021.05.12-12.17.46:465][ 18]LogEditorViewport: Clicking on Actor (LMB): wall_C (wall3)
[2021.05.12-12.18.02:120][854]LogEditorViewport: Clicking on Actor (LMB): wall_C (wall2)
[2021.05.12-12.18.11:539][978]LogEditorViewport: Clicking on Actor (LMB): wall_C (wall3)
[2021.05.12-12.18.56:666][386]LogEditorViewport: Clicking on Actor (LMB): BP_Sky_Sphere_C (SkySphereBlueprint)
[2021.05.12-12.18.59:774][756]LogEditorViewport: Clicking on Actor (context menu): BP_Sky_Sphere_C (SkySphereBlueprint)
[2021.05.12-12.19.00:601][852]LogEditorViewport: Clicking on Actor (LMB): BP_Sky_Sphere_C (SkySphereBlueprint)
[2021.05.12-12.19.01:790][993]LogEditorViewport: Clicking on Actor (LMB): BP_Sky_Sphere_C (SkySphereBlueprint)
[2021.05.12-12.19.55:963][369]LogUObjectHash: Compacting FUObjectHashTables data took   1.82ms
[2021.05.12-12.19.56:026][369]LogSavePackage: Moving 'D:/Virtual Work Experiance group 1/Group1projects/Thirdperson version/Saved/ThirdPersonExampleMap_Auto5DA7EA14148B43D5324DB6DBBCE33DFE5.tmp' to 'D:/Virtual Work Experiance group 1/Group1projects/Thirdperson version/Saved/Autosaves/Game/ThirdPersonBP/Maps/ThirdPersonExampleMap_Auto5.umap'
[2021.05.12-12.19.56:510][369]LogFileHelpers: Editor autosave (incl. sublevels) for '/Game/ThirdPersonBP/Maps/ThirdPersonExampleMap' took 0.571
[2021.05.12-12.19.56:510][369]LogFileHelpers: Editor autosave (incl. sublevels) for all levels took 0.571
[2021.05.12-12.20.25:928][887]Cmd: DELETE
[2021.05.12-12.20.25:928][887]Cmd: ACTOR DELETE
[2021.05.12-12.20.25:941][887]LogEditorActor: Deleted Actor: Brush
[2021.05.12-12.20.25:961][887]LogUObjectHash: Compacting FUObjectHashTables data took   0.53ms
[2021.05.12-12.20.25:975][887]LogEditorActor: Deleted 1 Actors (0.046 secs)
[2021.05.12-12.20.27:313][ 43]Cmd: DELETE
[2021.05.12-12.20.27:313][ 43]Cmd: ACTOR DELETE
[2021.05.12-12.20.27:326][ 43]LogEditorActor: Deleted Actor: Brush
[2021.05.12-12.20.27:347][ 43]LogUObjectHash: Compacting FUObjectHashTables data took   2.09ms
[2021.05.12-12.20.27:359][ 43]LogEditorActor: Deleted 1 Actors (0.046 secs)
[2021.05.12-12.20.28:182][137]Cmd: DELETE
[2021.05.12-12.20.28:182][137]Cmd: ACTOR DELETE
[2021.05.12-12.20.28:195][137]LogEditorActor: Deleted Actor: Brush
[2021.05.12-12.20.28:219][137]LogUObjectHash: Compacting FUObjectHashTables data took   1.98ms
[2021.05.12-12.20.28:230][137]LogEditorActor: Deleted 1 Actors (0.049 secs)
[2021.05.12-12.20.30:502][405]Cmd: DELETE
[2021.05.12-12.20.30:502][405]Cmd: ACTOR DELETE
[2021.05.12-12.20.30:516][405]LogEditorActor: Deleted Actor: Brush
[2021.05.12-12.20.30:538][405]LogUObjectHash: Compacting FUObjectHashTables data took   1.95ms
[2021.05.12-12.20.30:548][405]LogEditorActor: Deleted 1 Actors (0.045 secs)
[2021.05.12-12.29.56:807][528]LogUObjectHash: Compacting FUObjectHashTables data took   0.94ms
[2021.05.12-12.29.56:869][528]LogSavePackage: Moving 'D:/Virtual Work Experiance group 1/Group1projects/Thirdperson version/Saved/ThirdPersonExampleMap_Auto61348BE564D6B28551D5B4482BF08E413.tmp' to 'D:/Virtual Work Experiance group 1/Group1projects/Thirdperson version/Saved/Autosaves/Game/ThirdPersonBP/Maps/ThirdPersonExampleMap_Auto6.umap'
[2021.05.12-12.29.56:870][528]LogFileHelpers: Editor autosave (incl. sublevels) for '/Game/ThirdPersonBP/Maps/ThirdPersonExampleMap' took 0.087
[2021.05.12-12.29.56:870][528]LogFileHelpers: Editor autosave (incl. sublevels) for all levels took 0.087
[2021.05.12-13.03.41:916][744]LogUObjectHash: Compacting FUObjectHashTables data took   2.83ms
[2021.05.12-13.03.41:978][744]LogSavePackage: Moving 'D:/Virtual Work Experiance group 1/Group1projects/Thirdperson version/Saved/ThirdPersonExampleMapD750CE8C4362381F05C5D186B4E5FD6A.tmp' to 'D:/Virtual Work Experiance group 1/Group1projects/Thirdperson version/Content/ThirdPersonBP/Maps/ThirdPersonExampleMap.umap'
[2021.05.12-13.03.42:013][744]LogFileHelpers: Saving map 'ThirdPersonExampleMap' took 0.123
[2021.05.12-13.03.42:013][744]Cmd: OBJ SAVEPACKAGE PACKAGE="/Game/assets/wallcurved" FILE="D:/Virtual Work Experiance group 1/Group1projects/Thirdperson version/Content/assets/wallcurved.uasset" SILENT=true
[2021.05.12-13.03.42:017][744]LogSavePackage: Moving 'D:/Virtual Work Experiance group 1/Group1projects/Thirdperson version/Saved/wallcurved37EA16D846857382F03DB0BE7F1D0E37.tmp' to 'D:/Virtual Work Experiance group 1/Group1projects/Thirdperson version/Content/assets/wallcurved.uasset'
[2021.05.12-13.03.42:633][744]Cmd: OBJ SAVEPACKAGE PACKAGE="/Game/assets/wall" FILE="D:/Virtual Work Experiance group 1/Group1projects/Thirdperson version/Content/assets/wall.uasset" SILENT=true
[2021.05.12-13.03.42:638][744]LogSavePackage: Moving 'D:/Virtual Work Experiance group 1/Group1projects/Thirdperson version/Saved/wall96A3A9C34B5DF9DBE14653856D54DD92.tmp' to 'D:/Virtual Work Experiance group 1/Group1projects/Thirdperson version/Content/assets/wall.uasset'
[2021.05.12-13.03.42:842][744]AssetCheck: New page: Asset Save: multiple assets
[2021.05.12-13.03.42:842][744]LogContentValidation: Display: Validating World /Game/ThirdPersonBP/Maps/ThirdPersonExampleMap.ThirdPersonExampleMap
[2021.05.12-13.03.42:842][744]LogContentValidation: Display: Validating StaticMesh /Game/assets/wallcurved.wallcurved
[2021.05.12-13.03.42:842][744]LogContentValidation: Display: Validating Blueprint /Game/assets/wall.wall
[2021.05.12-13.03.44:911][939]SourceControl: fatal: C:/Program Files/Epic Games/UE_4.25/Engine/Content: 'C:/Program Files/Epic Games/UE_4.25/Engine/Content' is outside repository at 'D:/Virtual Work Experiance group 1/Group1projects'
[2021.05.12-13.03.44:911][939]SourceControl: fatal: C:/Program Files/Epic Games/UE_4.25/Engine/Plugins/2D/Paper2D/Content: 'C:/Program Files/Epic Games/UE_4.25/Engine/Plugins/2D/Paper2D/Content' is outside repository at 'D:/Virtual Work Experiance group 1/Group1projects'
[2021.05.12-13.03.44:911][939]SourceControl: fatal: C:/Program Files/Epic Games/UE_4.25/Engine/Plugins/Developer/AnimationSharing/Content: 'C:/Program Files/Epic Games/UE_4.25/Engine/Plugins/Developer/AnimationSharing/Content' is outside repository at 'D:/Virtual Work Experiance group 1/Group1projects'
[2021.05.12-13.03.44:911][939]SourceControl: fatal: C:/Program Files/Epic Games/UE_4.25/Engine/Plugins/Editor/GeometryMode/Content: 'C:/Program Files/Epic Games/UE_4.25/Engine/Plugins/Editor/GeometryMode/Content' is outside repository at 'D:/Virtual Work Experiance group 1/Group1projects'
[2021.05.12-13.03.44:911][939]SourceControl: fatal: C:/Program Files/Epic Games/UE_4.25/Engine/Plugins/Enterprise/DatasmithContent/Content: 'C:/Program Files/Epic Games/UE_4.25/Engine/Plugins/Enterprise/DatasmithContent/Content' is outside repository at 'D:/Virtual Work Experiance group 1/Group1projects'
[2021.05.12-13.03.44:911][939]SourceControl: fatal: C:/Program Files/Epic Games/UE_4.25/Engine/Plugins/Experimental/ChaosClothEditor/Content: 'C:/Program Files/Epic Games/UE_4.25/Engine/Plugins/Experimental/ChaosClothEditor/Content' is outside repository at 'D:/Virtual Work Experiance group 1/Group1projects'
[2021.05.12-13.03.44:911][939]SourceControl: fatal: C:/Program Files/Epic Games/UE_4.25/Engine/Plugins/Experimental/ChaosNiagara/Content: 'C:/Program Files/Epic Games/UE_4.25/Engine/Plugins/Experimental/ChaosNiagara/Content' is outside repository at 'D:/Virtual Work Experiance group 1/Group1projects'
[2021.05.12-13.03.44:911][939]SourceControl: fatal: C:/Program Files/Epic Games/UE_4.25/Engine/Plugins/Experimental/ChaosSolverPlugin/Content: 'C:/Program Files/Epic Games/UE_4.25/Engine/Plugins/Experimental/ChaosSolverPlugin/Content' is outside repository at 'D:/Virtual Work Experiance group 1/Group1projects'
[2021.05.12-13.03.44:911][939]SourceControl: fatal: C:/Program Files/Epic Games/UE_4.25/Engine/Plugins/Experimental/GeometryCollectionPlugin/Content: 'C:/Program Files/Epic Games/UE_4.25/Engine/Plugins/Experimental/GeometryCollectionPlugin/Content' is outside repository at 'D:/Virtual Work Experiance group 1/Group1projects'
[2021.05.12-13.03.44:911][939]SourceControl: fatal: C:/Program Files/Epic Games/UE_4.25/Engine/Plugins/Experimental/GeometryProcessing/Content: 'C:/Program Files/Epic Games/UE_4.25/Engine/Plugins/Experimental/GeometryProcessing/Content' is outside repository at 'D:/Virtual Work Experiance group 1/Group1projects'
[2021.05.12-13.03.44:911][939]SourceControl: fatal: C:/Program Files/Epic Games/UE_4.25/Engine/Plugins/FX/Niagara/Content: 'C:/Program Files/Epic Games/UE_4.25/Engine/Plugins/FX/Niagara/Content' is outside repository at 'D:/Virtual Work Experiance group 1/Group1projects'
[2021.05.12-13.03.44:911][939]SourceControl: fatal: C:/Program Files/Epic Games/UE_4.25/Engine/Plugins/Lumin/MagicLeap/Content: 'C:/Program Files/Epic Games/UE_4.25/Engine/Plugins/Lumin/MagicLeap/Content' is outside repository at 'D:/Virtual Work Experiance group 1/Group1projects'
[2021.05.12-13.03.44:911][939]SourceControl: fatal: C:/Program Files/Epic Games/UE_4.25/Engine/Plugins/Lumin/MagicLeapPassableWorld/Content: 'C:/Program Files/Epic Games/UE_4.25/Engine/Plugins/Lumin/MagicLeapPassableWorld/Content' is outside repository at 'D:/Virtual Work Experiance group 1/Group1projects'
[2021.05.12-13.03.44:911][939]SourceControl: fatal: C:/Program Files/Epic Games/UE_4.25/Engine/Plugins/Media/MediaCompositing/Content: 'C:/Program Files/Epic Games/UE_4.25/Engine/Plugins/Media/MediaCompositing/Content' is outside repository at 'D:/Virtual Work Experiance group 1/Group1projects'
[2021.05.12-13.03.44:911][939]SourceControl: fatal: C:/Program Files/Epic Games/UE_4.25/Engine/Plugins/MovieScene/MovieRenderPipeline/Content: 'C:/Program Files/Epic Games/UE_4.25/Engine/Plugins/MovieScene/MovieRenderPipeline/Content' is outside repository at 'D:/Virtual Work Experiance group 1/Group1projects'
[2021.05.12-13.03.44:911][939]SourceControl: fatal: C:/Program Files/Epic Games/UE_4.25/Engine/Plugins/Runtime/Oculus/OculusVR/Content: 'C:/Program Files/Epic Games/UE_4.25/Engine/Plugins/Runtime/Oculus/OculusVR/Content' is outside repository at 'D:/Virtual Work Experiance group 1/Group1projects'
[2021.05.12-13.03.44:911][939]SourceControl: fatal: C:/Program Files/Epic Games/UE_4.25/Engine/Plugins/Runtime/PostSplashScreen/Content: 'C:/Program Files/Epic Games/UE_4.25/Engine/Plugins/Runtime/PostSplashScreen/Content' is outside repository at 'D:/Virtual Work Experiance group 1/Group1projects'
[2021.05.12-13.03.44:911][939]SourceControl: fatal: C:/Program Files/Epic Games/UE_4.25/Engine/Plugins/Runtime/Steam/SteamVR/Content: 'C:/Program Files/Epic Games/UE_4.25/Engine/Plugins/Runtime/Steam/SteamVR/Content' is outside repository at 'D:/Virtual Work Experiance group 1/Group1projects'
[2021.05.12-13.03.45:029][939]EditorErrors: Warning: No assets to check in!
[2021.05.12-13.03.51:037][570]SourceControl: fatal: C:/Program Files/Epic Games/UE_4.25/Engine/Content: 'C:/Program Files/Epic Games/UE_4.25/Engine/Content' is outside repository at 'D:/Virtual Work Experiance group 1/Group1projects'
[2021.05.12-13.03.51:037][570]SourceControl: fatal: C:/Program Files/Epic Games/UE_4.25/Engine/Plugins/2D/Paper2D/Content: 'C:/Program Files/Epic Games/UE_4.25/Engine/Plugins/2D/Paper2D/Content' is outside repository at 'D:/Virtual Work Experiance group 1/Group1projects'
[2021.05.12-13.03.51:037][570]SourceControl: fatal: C:/Program Files/Epic Games/UE_4.25/Engine/Plugins/Developer/AnimationSharing/Content: 'C:/Program Files/Epic Games/UE_4.25/Engine/Plugins/Developer/AnimationSharing/Content' is outside repository at 'D:/Virtual Work Experiance group 1/Group1projects'
[2021.05.12-13.03.51:037][570]SourceControl: fatal: C:/Program Files/Epic Games/UE_4.25/Engine/Plugins/Editor/GeometryMode/Content: 'C:/Program Files/Epic Games/UE_4.25/Engine/Plugins/Editor/GeometryMode/Content' is outside repository at 'D:/Virtual Work Experiance group 1/Group1projects'
[2021.05.12-13.03.51:037][570]SourceControl: fatal: C:/Program Files/Epic Games/UE_4.25/Engine/Plugins/Enterprise/DatasmithContent/Content: 'C:/Program Files/Epic Games/UE_4.25/Engine/Plugins/Enterprise/DatasmithContent/Content' is outside repository at 'D:/Virtual Work Experiance group 1/Group1projects'
[2021.05.12-13.03.51:037][570]SourceControl: fatal: C:/Program Files/Epic Games/UE_4.25/Engine/Plugins/Experimental/ChaosClothEditor/Content: 'C:/Program Files/Epic Games/UE_4.25/Engine/Plugins/Experimental/ChaosClothEditor/Content' is outside repository at 'D:/Virtual Work Experiance group 1/Group1projects'
[2021.05.12-13.03.51:037][570]SourceControl: fatal: C:/Program Files/Epic Games/UE_4.25/Engine/Plugins/Experimental/ChaosNiagara/Content: 'C:/Program Files/Epic Games/UE_4.25/Engine/Plugins/Experimental/ChaosNiagara/Content' is outside repository at 'D:/Virtual Work Experiance group 1/Group1projects'
[2021.05.12-13.03.51:037][570]SourceControl: fatal: C:/Program Files/Epic Games/UE_4.25/Engine/Plugins/Experimental/ChaosSolverPlugin/Content: 'C:/Program Files/Epic Games/UE_4.25/Engine/Plugins/Experimental/ChaosSolverPlugin/Content' is outside repository at 'D:/Virtual Work Experiance group 1/Group1projects'
[2021.05.12-13.03.51:037][570]SourceControl: fatal: C:/Program Files/Epic Games/UE_4.25/Engine/Plugins/Experimental/GeometryCollectionPlugin/Content: 'C:/Program Files/Epic Games/UE_4.25/Engine/Plugins/Experimental/GeometryCollectionPlugin/Content' is outside repository at 'D:/Virtual Work Experiance group 1/Group1projects'
[2021.05.12-13.03.51:037][570]SourceControl: fatal: C:/Program Files/Epic Games/UE_4.25/Engine/Plugins/Experimental/GeometryProcessing/Content: 'C:/Program Files/Epic Games/UE_4.25/Engine/Plugins/Experimental/GeometryProcessing/Content' is outside repository at 'D:/Virtual Work Experiance group 1/Group1projects'
[2021.05.12-13.03.51:037][570]SourceControl: fatal: C:/Program Files/Epic Games/UE_4.25/Engine/Plugins/FX/Niagara/Content: 'C:/Program Files/Epic Games/UE_4.25/Engine/Plugins/FX/Niagara/Content' is outside repository at 'D:/Virtual Work Experiance group 1/Group1projects'
[2021.05.12-13.03.51:037][570]SourceControl: fatal: C:/Program Files/Epic Games/UE_4.25/Engine/Plugins/Lumin/MagicLeap/Content: 'C:/Program Files/Epic Games/UE_4.25/Engine/Plugins/Lumin/MagicLeap/Content' is outside repository at 'D:/Virtual Work Experiance group 1/Group1projects'
[2021.05.12-13.03.51:037][570]SourceControl: fatal: C:/Program Files/Epic Games/UE_4.25/Engine/Plugins/Lumin/MagicLeapPassableWorld/Content: 'C:/Program Files/Epic Games/UE_4.25/Engine/Plugins/Lumin/MagicLeapPassableWorld/Content' is outside repository at 'D:/Virtual Work Experiance group 1/Group1projects'
[2021.05.12-13.03.51:037][570]SourceControl: fatal: C:/Program Files/Epic Games/UE_4.25/Engine/Plugins/Media/MediaCompositing/Content: 'C:/Program Files/Epic Games/UE_4.25/Engine/Plugins/Media/MediaCompositing/Content' is outside repository at 'D:/Virtual Work Experiance group 1/Group1projects'
[2021.05.12-13.03.51:037][570]SourceControl: fatal: C:/Program Files/Epic Games/UE_4.25/Engine/Plugins/MovieScene/MovieRenderPipeline/Content: 'C:/Program Files/Epic Games/UE_4.25/Engine/Plugins/MovieScene/MovieRenderPipeline/Content' is outside repository at 'D:/Virtual Work Experiance group 1/Group1projects'
[2021.05.12-13.03.51:037][570]SourceControl: fatal: C:/Program Files/Epic Games/UE_4.25/Engine/Plugins/Runtime/Oculus/OculusVR/Content: 'C:/Program Files/Epic Games/UE_4.25/Engine/Plugins/Runtime/Oculus/OculusVR/Content' is outside repository at 'D:/Virtual Work Experiance group 1/Group1projects'
[2021.05.12-13.03.51:037][570]SourceControl: fatal: C:/Program Files/Epic Games/UE_4.25/Engine/Plugins/Runtime/PostSplashScreen/Content: 'C:/Program Files/Epic Games/UE_4.25/Engine/Plugins/Runtime/PostSplashScreen/Content' is outside repository at 'D:/Virtual Work Experiance group 1/Group1projects'
[2021.05.12-13.03.51:037][570]SourceControl: fatal: C:/Program Files/Epic Games/UE_4.25/Engine/Plugins/Runtime/Steam/SteamVR/Content: 'C:/Program Files/Epic Games/UE_4.25/Engine/Plugins/Runtime/Steam/SteamVR/Content' is outside repository at 'D:/Virtual Work Experiance group 1/Group1projects'
[2021.05.12-13.03.51:150][570]EditorErrors: Warning: No assets to check in!
